2025-06-10 11:55:58,369 - INFO - 建立資料目錄: data
2025-06-10 11:56:00,291 - INFO - 找到 2019 年資料: 108年中華民國政府行政機關辦公日曆表.csv
2025-06-10 11:56:00,291 - INFO - 找到 2020 年資料: 109年中華民國政府行政機關辦公日曆表.csv
2025-06-10 11:56:00,291 - INFO - 找到 2022 年資料: 111年中華民國政府行政機關辦公日曆表.csv
2025-06-10 11:56:00,291 - INFO - 找到 2023 年資料: 112年中華民國政府行政機關辦公日曆表.csv
2025-06-10 11:56:00,291 - INFO - 找到 2024 年資料: 113年中華民國政府行政機關辦公日曆表.csv
2025-06-10 11:56:00,292 - INFO - 找到 2025 年資料: 114年中華民國政府行政機關辦公日曆表.csv
2025-06-10 11:56:00,292 - INFO - 找到可用年份及連結: [2019, 2020, 2022, 2023, 2024, 2025]
2025-06-10 11:56:00,292 - INFO - 連結驗證成功: 108年中華民國政府行政機關辦公日曆表.csv
2025-06-10 11:56:00,292 - INFO - 連結驗證成功: 109年中華民國政府行政機關辦公日曆表.csv
2025-06-10 11:56:00,292 - INFO - 連結驗證成功: 111年中華民國政府行政機關辦公日曆表.csv
2025-06-10 11:56:00,292 - INFO - 連結驗證成功: 112年中華民國政府行政機關辦公日曆表.csv
2025-06-10 11:56:00,292 - INFO - 連結驗證成功: 113年中華民國政府行政機關辦公日曆表.csv
2025-06-10 11:56:00,292 - INFO - 連結驗證成功: 114年中華民國政府行政機關辦公日曆表.csv
2025-06-10 11:56:42,789 - INFO - 開始執行台灣政府辦公日曆表爬蟲
2025-06-10 11:56:44,682 - INFO - 找到 2019 年資料: 108年中華民國政府行政機關辦公日曆表.csv
2025-06-10 11:56:44,682 - INFO - 找到 2020 年資料: 109年中華民國政府行政機關辦公日曆表.csv
2025-06-10 11:56:44,682 - INFO - 找到 2022 年資料: 111年中華民國政府行政機關辦公日曆表.csv
2025-06-10 11:56:44,682 - INFO - 找到 2023 年資料: 112年中華民國政府行政機關辦公日曆表.csv
2025-06-10 11:56:44,682 - INFO - 找到 2024 年資料: 113年中華民國政府行政機關辦公日曆表.csv
2025-06-10 11:56:44,682 - INFO - 找到 2025 年資料: 114年中華民國政府行政機關辦公日曆表.csv
2025-06-10 11:56:44,682 - INFO - 找到可用年份及連結: [2019, 2020, 2022, 2023, 2024, 2025]
2025-06-10 11:56:44,682 - INFO - 目標年份: [2025, 2026]
2025-06-10 11:56:44,682 - INFO - 連結驗證成功: 114年中華民國政府行政機關辦公日曆表.csv
2025-06-10 11:56:44,682 - INFO - 下載 2025 年資料: https://www.dgpa.gov.tw/FileConversion?filename=dgpa/files/202407/22f9fcbc-fbb2-4387-8bcf-73b2279666c2.csv&nfix=&name=114年中華民國政府行政機關辦公日曆表.csv
2025-06-10 11:56:44,749 - ERROR - 下載 2025 年資料失敗: HTTPSConnectionPool(host='www.dgpa.gov.tw', port=443): Max retries exceeded with url: /FileConversion?filename=dgpa/files/202407/22f9fcbc-fbb2-4387-8bcf-73b2279666c2.csv&nfix=&name=114%E5%B9%B4%E4%B8%AD%E8%8F%AF%E6%B0%91%E5%9C%8B%E6%94%BF%E5%BA%9C%E8%A1%8C%E6%94%BF%E6%A9%9F%E9%97%9C%E8%BE%A6%E5%85%AC%E6%97%A5%E6%9B%86%E8%A1%A8.csv (Caused by SSLError(SSLCertVerificationError(1, '[SSL: CERTIFICATE_VERIFY_FAILED] certificate verify failed: Basic Constraints of CA cert not marked critical (_ssl.c:1028)')))
2025-06-10 11:56:44,749 - WARNING - 2026 年的資料尚未在網站上提供
2025-06-10 11:56:44,749 - INFO - 爬蟲執行完成，成功下載 0 個年份的資料
2025-06-10 11:56:44,749 - INFO - data 目錄中沒有CSV檔案
2025-06-10 11:58:05,650 - INFO - 開始執行台灣政府辦公日曆表爬蟲
2025-06-10 11:58:06,474 - INFO - 找到 2019 年資料: 108年中華民國政府行政機關辦公日曆表.csv
2025-06-10 11:58:06,474 - INFO - 找到 2020 年資料: 109年中華民國政府行政機關辦公日曆表.csv
2025-06-10 11:58:06,474 - INFO - 找到 2022 年資料: 111年中華民國政府行政機關辦公日曆表.csv
2025-06-10 11:58:06,474 - INFO - 找到 2023 年資料: 112年中華民國政府行政機關辦公日曆表.csv
2025-06-10 11:58:06,474 - INFO - 找到 2024 年資料: 113年中華民國政府行政機關辦公日曆表.csv
2025-06-10 11:58:06,474 - INFO - 找到 2025 年資料: 114年中華民國政府行政機關辦公日曆表.csv
2025-06-10 11:58:06,474 - INFO - 找到可用年份及連結: [2019, 2020, 2022, 2023, 2024, 2025]
2025-06-10 11:58:06,475 - INFO - 目標年份: [2025, 2026]
2025-06-10 11:58:06,475 - INFO - 連結驗證成功: 114年中華民國政府行政機關辦公日曆表.csv
2025-06-10 11:58:06,475 - INFO - 下載 2025 年資料: https://www.dgpa.gov.tw/FileConversion?filename=dgpa/files/202407/22f9fcbc-fbb2-4387-8bcf-73b2279666c2.csv&nfix=&name=114年中華民國政府行政機關辦公日曆表.csv
2025-06-10 11:58:06,690 - INFO - 成功下載並儲存: data/taiwan_holidays_2025.csv
2025-06-10 11:58:06,690 - INFO - 2025 年資料筆數: 365
2025-06-10 11:58:06,691 - WARNING - 2026 年的資料尚未在網站上提供
2025-06-10 11:58:06,691 - INFO - 爬蟲執行完成，成功下載 1 個年份的資料
2025-06-10 11:58:06,691 - INFO - 已下載的檔案:
2025-06-10 11:58:06,691 - INFO -   - taiwan_holidays_2025.csv (6396 bytes)
2025-06-10 12:04:30,239 - INFO - 開始執行台灣政府辦公日曆表爬蟲
2025-06-10 12:04:31,261 - INFO - 找到 2019 年資料: 108年中華民國政府行政機關辦公日曆表.csv
2025-06-10 12:04:31,262 - INFO - 找到 2020 年資料: 109年中華民國政府行政機關辦公日曆表.csv
2025-06-10 12:04:31,262 - INFO - 找到 2022 年資料: 111年中華民國政府行政機關辦公日曆表.csv
2025-06-10 12:04:31,262 - INFO - 找到 2023 年資料: 112年中華民國政府行政機關辦公日曆表.csv
2025-06-10 12:04:31,262 - INFO - 找到 2024 年資料: 113年中華民國政府行政機關辦公日曆表.csv
2025-06-10 12:04:31,262 - INFO - 找到 2025 年資料: 114年中華民國政府行政機關辦公日曆表.csv
2025-06-10 12:04:31,262 - INFO - 找到可用年份及連結: [2019, 2020, 2022, 2023, 2024, 2025]
2025-06-10 12:04:31,263 - INFO - 目標年份: [2025, 2026]
2025-06-10 12:04:31,263 - INFO - 連結驗證成功: 114年中華民國政府行政機關辦公日曆表.csv
2025-06-10 12:04:31,263 - INFO - 下載 2025 年資料: https://www.dgpa.gov.tw/FileConversion?filename=dgpa/files/202407/22f9fcbc-fbb2-4387-8bcf-73b2279666c2.csv&nfix=&name=114年中華民國政府行政機關辦公日曆表.csv
2025-06-10 12:04:31,380 - INFO - 成功下載並儲存: data/taiwan_holidays_2025.csv
2025-06-10 12:04:31,380 - INFO - 2025 年資料筆數: 365
2025-06-10 12:04:31,381 - WARNING - 2026 年的資料尚未在網站上提供
2025-06-10 12:04:31,381 - INFO - 爬蟲執行完成，成功下載 1 個年份的資料
2025-06-10 12:04:31,402 - INFO - 成功轉換: data/taiwan_holidays_2025.csv -> data/taiwan_holidays_2025.yml
2025-06-10 12:04:31,402 - INFO - 放假日數量: 115
2025-06-10 12:04:31,402 - INFO - 特殊工作日數量: 1
2025-06-10 12:04:31,402 - INFO - 轉換完成: 成功 1/1 個檔案
2025-06-10 12:04:31,418 - INFO - 建立摘要檔案: data/summary.yml
2025-06-10 12:04:31,418 - INFO - 已自動轉換為 YAML 格式
2025-06-10 12:04:31,418 - INFO - 已下載的 CSV 檔案:
2025-06-10 12:04:31,418 - INFO -   - taiwan_holidays_2025.csv (6396 bytes)
2025-06-10 12:04:31,418 - INFO - 已轉換的 YAML 檔案:
2025-06-10 12:04:31,418 - INFO -   - summary.yml (306 bytes)
2025-06-10 12:04:31,418 - INFO -   - taiwan_holidays_2025.yml (8668 bytes)
2025-06-10 12:20:00,178 - INFO - 🚀 開始執行台灣政府辦公日曆表爬蟲 - 下載所有可用年份
2025-06-10 12:20:01,670 - INFO - 找到 2019 年資料: 108年中華民國政府行政機關辦公日曆表.csv
2025-06-10 12:20:01,670 - INFO - 找到 2020 年資料: 109年中華民國政府行政機關辦公日曆表.csv
2025-06-10 12:20:01,670 - INFO - 找到 2022 年資料: 111年中華民國政府行政機關辦公日曆表.csv
2025-06-10 12:20:01,670 - INFO - 找到 2023 年資料: 112年中華民國政府行政機關辦公日曆表.csv
2025-06-10 12:20:01,670 - INFO - 找到 2024 年資料: 113年中華民國政府行政機關辦公日曆表.csv
2025-06-10 12:20:01,670 - INFO - 找到 2025 年資料: 114年中華民國政府行政機關辦公日曆表.csv
2025-06-10 12:20:01,671 - INFO - 找到可用年份及連結: [2019, 2020, 2022, 2023, 2024, 2025]
2025-06-10 12:20:02,695 - INFO - 找到 2019 年資料: 108年中華民國政府行政機關辦公日曆表.csv
2025-06-10 12:20:02,695 - INFO - 找到 2020 年資料: 109年中華民國政府行政機關辦公日曆表.csv
2025-06-10 12:20:02,695 - INFO - 找到 2022 年資料: 111年中華民國政府行政機關辦公日曆表.csv
2025-06-10 12:20:02,695 - INFO - 找到 2023 年資料: 112年中華民國政府行政機關辦公日曆表.csv
2025-06-10 12:20:02,695 - INFO - 找到 2024 年資料: 113年中華民國政府行政機關辦公日曆表.csv
2025-06-10 12:20:02,695 - INFO - 找到 2025 年資料: 114年中華民國政府行政機關辦公日曆表.csv
2025-06-10 12:20:02,695 - INFO - 找到可用年份及連結: [2019, 2020, 2022, 2023, 2024, 2025]
2025-06-10 12:20:02,696 - INFO - 下載所有可用年份: [2025, 2024, 2023, 2022, 2020, 2019]
2025-06-10 12:20:02,696 - INFO - 目標年份: [2025, 2024, 2023, 2022, 2020, 2019]
2025-06-10 12:20:02,696 - INFO - 連結驗證成功: 114年中華民國政府行政機關辦公日曆表.csv
2025-06-10 12:20:02,696 - INFO - 下載 2025 年資料: https://www.dgpa.gov.tw/FileConversion?filename=dgpa/files/202407/22f9fcbc-fbb2-4387-8bcf-73b2279666c2.csv&nfix=&name=114年中華民國政府行政機關辦公日曆表.csv
2025-06-10 12:20:03,032 - INFO - 成功下載並儲存: data/taiwan_holidays_2025.csv
2025-06-10 12:20:03,032 - INFO - 2025 年資料筆數: 365
2025-06-10 12:20:03,034 - INFO - 連結驗證成功: 113年中華民國政府行政機關辦公日曆表.csv
2025-06-10 12:20:03,035 - INFO - 下載 2024 年資料: https://www.dgpa.gov.tw/FileConversion?filename=dgpa/files/202407/777152e9-fdd1-4a61-876c-2733e7692538.csv&nfix=&name=113年中華民國政府行政機關辦公日曆表.csv
2025-06-10 12:20:03,107 - INFO - 成功下載並儲存: data/taiwan_holidays_2024.csv
2025-06-10 12:20:03,107 - INFO - 2024 年資料筆數: 366
2025-06-10 12:20:03,109 - INFO - 連結驗證成功: 112年中華民國政府行政機關辦公日曆表.csv
2025-06-10 12:20:03,109 - INFO - 下載 2023 年資料: https://www.dgpa.gov.tw/FileConversion?filename=dgpa/files/202407/dd89fe8c-25f5-4035-a31e-7c14b44a74d7.csv&nfix=&name=112%e5%b9%b4%e4%b8%ad%e8%8f%af%e6%b0%91%e5%9c%8b%e6%94%bf%e5%ba%9c%e8%a1%8c%e6%94%bf%e6%a9%9f%e9%97%9c%e8%be%a6%e5%85%ac%e6%97%a5%e6%9b%86%e8%a1%a8.csv
2025-06-10 12:20:03,185 - INFO - 成功下載並儲存: data/taiwan_holidays_2023.csv
2025-06-10 12:20:03,186 - INFO - 2023 年資料筆數: 365
2025-06-10 12:20:03,188 - INFO - 連結驗證成功: 111年中華民國政府行政機關辦公日曆表.csv
2025-06-10 12:20:03,188 - INFO - 下載 2022 年資料: https://www.dgpa.gov.tw/FileConversion?filename=dgpa/files/202407/cbe02c09-d3ce-4912-ace4-69b7129efa9f.csv&nfix=&name=111%e5%b9%b4%e4%b8%ad%e8%8f%af%e6%b0%91%e5%9c%8b%e6%94%bf%e5%ba%9c%e8%a1%8c%e6%94%bf%e6%a9%9f%e9%97%9c%e8%be%a6%e5%85%ac%e6%97%a5%e6%9b%86%e8%a1%a8.csv
2025-06-10 12:20:03,255 - INFO - 成功下載並儲存: data/taiwan_holidays_2022.csv
2025-06-10 12:20:03,255 - INFO - 2022 年資料筆數: 365
2025-06-10 12:20:03,257 - INFO - 連結驗證成功: 109年中華民國政府行政機關辦公日曆表.csv
2025-06-10 12:20:03,257 - INFO - 下載 2020 年資料: https://www.dgpa.gov.tw/FileConversion?filename=dgpa/files/202407/4d215402-15c7-4ad9-ab90-a33f34a63f5b.csv&nfix=&name=109%e5%b9%b4%e4%b8%ad%e8%8f%af%e6%b0%91%e5%9c%8b%e6%94%bf%e5%ba%9c%e8%a1%8c%e6%94%bf%e6%a9%9f%e9%97%9c%e8%be%a6%e5%85%ac%e6%97%a5%e6%9b%86%e8%a1%a8.csv
2025-06-10 12:20:03,328 - INFO - 成功下載並儲存: data/taiwan_holidays_2020.csv
2025-06-10 12:20:03,328 - INFO - 2020 年資料筆數: 366
2025-06-10 12:20:03,330 - INFO - 連結驗證成功: 108年中華民國政府行政機關辦公日曆表.csv
2025-06-10 12:20:03,330 - INFO - 下載 2019 年資料: https://www.dgpa.gov.tw/FileConversion?filename=dgpa/files/202407/5f2ff9c5-a235-4819-8c62-f064fc5bffb8.csv&nfix=&name=108%e5%b9%b4%e4%b8%ad%e8%8f%af%e6%b0%91%e5%9c%8b%e6%94%bf%e5%ba%9c%e8%a1%8c%e6%94%bf%e6%a9%9f%e9%97%9c%e8%be%a6%e5%85%ac%e6%97%a5%e6%9b%86%e8%a1%a8.csv
2025-06-10 12:20:03,406 - INFO - 成功下載並儲存: data/taiwan_holidays_2019.csv
2025-06-10 12:20:03,407 - INFO - 2019 年資料筆數: 365
2025-06-10 12:20:03,408 - INFO - 爬蟲執行完成，成功下載 6 個年份的資料
2025-06-10 12:20:03,442 - INFO - 成功轉換: data/taiwan_holidays_2020.csv -> data/taiwan_holidays_2020.yml
2025-06-10 12:20:03,443 - INFO - 放假日數量: 115
2025-06-10 12:20:03,443 - INFO - 特殊工作日數量: 3
2025-06-10 12:20:03,453 - INFO - 成功轉換: data/taiwan_holidays_2022.csv -> data/taiwan_holidays_2022.yml
2025-06-10 12:20:03,453 - INFO - 放假日數量: 115
2025-06-10 12:20:03,453 - INFO - 特殊工作日數量: 1
2025-06-10 12:20:03,462 - INFO - 成功轉換: data/taiwan_holidays_2023.csv -> data/taiwan_holidays_2023.yml
2025-06-10 12:20:03,462 - INFO - 放假日數量: 116
2025-06-10 12:20:03,462 - INFO - 特殊工作日數量: 6
2025-06-10 12:20:03,470 - INFO - 成功轉換: data/taiwan_holidays_2024.csv -> data/taiwan_holidays_2024.yml
2025-06-10 12:20:03,470 - INFO - 放假日數量: 115
2025-06-10 12:20:03,470 - INFO - 特殊工作日數量: 1
2025-06-10 12:20:03,479 - INFO - 成功轉換: data/taiwan_holidays_2025.csv -> data/taiwan_holidays_2025.yml
2025-06-10 12:20:03,479 - INFO - 放假日數量: 115
2025-06-10 12:20:03,479 - INFO - 特殊工作日數量: 1
2025-06-10 12:20:03,487 - INFO - 成功轉換: data/taiwan_holidays_2019.csv -> data/taiwan_holidays_2019.yml
2025-06-10 12:20:03,487 - INFO - 放假日數量: 115
2025-06-10 12:20:03,487 - INFO - 特殊工作日數量: 3
2025-06-10 12:20:03,487 - INFO - 轉換完成: 成功 6/6 個檔案
2025-06-10 12:20:03,562 - INFO - 建立摘要檔案: data/summary.yml
2025-06-10 12:20:03,562 - INFO - 已自動轉換為 YAML 格式
2025-06-10 12:20:03,563 - INFO - 已下載的 CSV 檔案:
2025-06-10 12:20:03,563 - INFO -   - taiwan_holidays_2019.csv (6432 bytes)
2025-06-10 12:20:03,563 - INFO -   - taiwan_holidays_2020.csv (6482 bytes)
2025-06-10 12:20:03,563 - INFO -   - taiwan_holidays_2022.csv (6390 bytes)
2025-06-10 12:20:03,563 - INFO -   - taiwan_holidays_2023.csv (6519 bytes)
2025-06-10 12:20:03,563 - INFO -   - taiwan_holidays_2024.csv (6419 bytes)
2025-06-10 12:20:03,563 - INFO -   - taiwan_holidays_2025.csv (6396 bytes)
2025-06-10 12:20:03,563 - INFO - 已轉換的 YAML 檔案:
2025-06-10 12:20:03,563 - INFO -   - summary.yml (706 bytes)
2025-06-10 12:20:03,563 - INFO -   - taiwan_holidays_2019.yml (8723 bytes)
2025-06-10 12:20:03,563 - INFO -   - taiwan_holidays_2020.yml (8720 bytes)
2025-06-10 12:20:03,563 - INFO -   - taiwan_holidays_2022.yml (8562 bytes)
2025-06-10 12:20:03,563 - INFO -   - taiwan_holidays_2023.yml (9021 bytes)
2025-06-10 12:20:03,563 - INFO -   - taiwan_holidays_2024.yml (8565 bytes)
2025-06-10 12:20:03,563 - INFO -   - taiwan_holidays_2025.yml (8568 bytes)
2025-06-10 04:26:35,937 - INFO - 🚀 開始執行台灣政府辦公日曆表爬蟲 - 維護模式（當前年+下一年）
2025-06-10 04:26:37,858 - INFO - 找到 2019 年資料: 108年中華民國政府行政機關辦公日曆表.csv
2025-06-10 04:26:37,859 - INFO - 找到 2020 年資料: 109年中華民國政府行政機關辦公日曆表.csv
2025-06-10 04:26:37,859 - INFO - 找到 2022 年資料: 111年中華民國政府行政機關辦公日曆表.csv
2025-06-10 04:26:37,859 - INFO - 找到 2023 年資料: 112年中華民國政府行政機關辦公日曆表.csv
2025-06-10 04:26:37,859 - INFO - 找到 2024 年資料: 113年中華民國政府行政機關辦公日曆表.csv
2025-06-10 04:26:37,859 - INFO - 找到 2025 年資料: 114年中華民國政府行政機關辦公日曆表.csv
2025-06-10 04:26:37,859 - INFO - 找到可用年份及連結: [2019, 2020, 2022, 2023, 2024, 2025]
2025-06-10 04:26:37,860 - INFO - 目標年份: [2025, 2026]
2025-06-10 04:26:37,861 - INFO - 連結驗證成功: 114年中華民國政府行政機關辦公日曆表.csv
2025-06-10 04:26:37,861 - INFO - 下載 2025 年資料: https://www.dgpa.gov.tw/FileConversion?filename=dgpa/files/202407/22f9fcbc-fbb2-4387-8bcf-73b2279666c2.csv&nfix=&name=114年中華民國政府行政機關辦公日曆表.csv
2025-06-10 04:26:39,024 - INFO - 成功下載並儲存: data/taiwan_holidays_2025.csv
2025-06-10 04:26:39,025 - INFO - 2025 年資料筆數: 365
2025-06-10 04:26:39,025 - WARNING - 2026 年的資料尚未在網站上提供
2025-06-10 04:26:39,026 - INFO - 爬蟲執行完成，成功下載 1 個年份的資料
2025-06-10 04:26:39,059 - INFO - 成功轉換: data/taiwan_holidays_2020.csv -> data/taiwan_holidays_2020.yml
2025-06-10 04:26:39,059 - INFO - 放假日數量: 115
2025-06-10 04:26:39,060 - INFO - 特殊工作日數量: 3
2025-06-10 04:26:39,077 - INFO - 成功轉換: data/taiwan_holidays_2021.csv -> data/taiwan_holidays_2021.yml
2025-06-10 04:26:39,077 - INFO - 放假日數量: 116
2025-06-10 04:26:39,077 - INFO - 特殊工作日數量: 2
2025-06-10 04:26:39,094 - INFO - 成功轉換: data/taiwan_holidays_2023.csv -> data/taiwan_holidays_2023.yml
2025-06-10 04:26:39,094 - INFO - 放假日數量: 116
2025-06-10 04:26:39,094 - INFO - 特殊工作日數量: 6
2025-06-10 04:26:39,111 - INFO - 成功轉換: data/taiwan_holidays_2019.csv -> data/taiwan_holidays_2019.yml
2025-06-10 04:26:39,111 - INFO - 放假日數量: 115
2025-06-10 04:26:39,111 - INFO - 特殊工作日數量: 3
2025-06-10 04:26:39,128 - INFO - 成功轉換: data/taiwan_holidays_2022.csv -> data/taiwan_holidays_2022.yml
2025-06-10 04:26:39,128 - INFO - 放假日數量: 115
2025-06-10 04:26:39,128 - INFO - 特殊工作日數量: 1
2025-06-10 04:26:39,145 - INFO - 成功轉換: data/taiwan_holidays_2024.csv -> data/taiwan_holidays_2024.yml
2025-06-10 04:26:39,145 - INFO - 放假日數量: 115
2025-06-10 04:26:39,145 - INFO - 特殊工作日數量: 1
2025-06-10 04:26:39,161 - INFO - 成功轉換: data/taiwan_holidays_2025.csv -> data/taiwan_holidays_2025.yml
2025-06-10 04:26:39,161 - INFO - 放假日數量: 115
2025-06-10 04:26:39,161 - INFO - 特殊工作日數量: 1
2025-06-10 04:26:39,161 - INFO - 轉換完成: 成功 7/7 個檔案
2025-06-10 04:26:39,361 - INFO - 建立摘要檔案: data/summary.yml
2025-06-10 04:26:39,361 - INFO - 已自動轉換為 YAML 格式
2025-06-10 04:26:39,361 - INFO - 已下載的 CSV 檔案:
2025-06-10 04:26:39,361 - INFO -   - taiwan_holidays_2019.csv (6432 bytes)
2025-06-10 04:26:39,361 - INFO -   - taiwan_holidays_2020.csv (6482 bytes)
2025-06-10 04:26:39,361 - INFO -   - taiwan_holidays_2021.csv (6453 bytes)
2025-06-10 04:26:39,361 - INFO -   - taiwan_holidays_2022.csv (6390 bytes)
2025-06-10 04:26:39,361 - INFO -   - taiwan_holidays_2023.csv (6519 bytes)
2025-06-10 04:26:39,361 - INFO -   - taiwan_holidays_2024.csv (6419 bytes)
2025-06-10 04:26:39,361 - INFO -   - taiwan_holidays_2025.csv (6396 bytes)
2025-06-10 04:26:39,362 - INFO - 已轉換的 YAML 檔案:
2025-06-10 04:26:39,362 - INFO -   - summary.yml (806 bytes)
2025-06-10 04:26:39,362 - INFO -   - taiwan_holidays_2019.yml (8723 bytes)
2025-06-10 04:26:39,362 - INFO -   - taiwan_holidays_2020.yml (8720 bytes)
2025-06-10 04:26:39,362 - INFO -   - taiwan_holidays_2021.yml (8708 bytes)
2025-06-10 04:26:39,362 - INFO -   - taiwan_holidays_2022.yml (8562 bytes)
2025-06-10 04:26:39,362 - INFO -   - taiwan_holidays_2023.yml (9021 bytes)
2025-06-10 04:26:39,362 - INFO -   - taiwan_holidays_2024.yml (8565 bytes)
2025-06-10 04:26:39,362 - INFO -   - taiwan_holidays_2025.yml (8568 bytes)
2025-07-01 00:25:51,355 - INFO - 🚀 開始執行台灣政府辦公日曆表爬蟲 - 維護模式（當前年+下一年）
2025-07-01 00:25:52,880 - INFO - 找到 2019 年資料: 108年中華民國政府行政機關辦公日曆表.csv
2025-07-01 00:25:52,880 - INFO - 找到 2020 年資料: 109年中華民國政府行政機關辦公日曆表.csv
2025-07-01 00:25:52,880 - INFO - 找到 2022 年資料: 111年中華民國政府行政機關辦公日曆表.csv
2025-07-01 00:25:52,880 - INFO - 找到 2023 年資料: 112年中華民國政府行政機關辦公日曆表.csv
2025-07-01 00:25:52,880 - INFO - 找到 2024 年資料: 113年中華民國政府行政機關辦公日曆表.csv
2025-07-01 00:25:52,880 - INFO - 找到 2025 年資料: 114年中華民國政府行政機關辦公日曆表.csv
2025-07-01 00:25:52,881 - INFO - 找到 2026 年資料: 115年中華民國政府行政機關辦公日曆表.csv
2025-07-01 00:25:52,881 - INFO - 找到可用年份及連結: [2019, 2020, 2022, 2023, 2024, 2025, 2026]
2025-07-01 00:25:52,882 - INFO - 目標年份: [2025, 2026]
2025-07-01 00:25:52,882 - INFO - 連結驗證成功: 114年中華民國政府行政機關辦公日曆表.csv
2025-07-01 00:25:52,882 - INFO - 下載 2025 年資料: https://www.dgpa.gov.tw/FileConversion?filename=dgpa/files/202407/22f9fcbc-fbb2-4387-8bcf-73b2279666c2.csv&nfix=&name=114年中華民國政府行政機關辦公日曆表.csv
2025-07-01 00:25:53,785 - INFO - 成功下載並儲存: data/taiwan_holidays_2025.csv
2025-07-01 00:25:53,785 - INFO - 2025 年資料筆數: 365
2025-07-01 00:25:53,787 - INFO - 連結驗證成功: 115年中華民國政府行政機關辦公日曆表.csv
2025-07-01 00:25:53,787 - INFO - 下載 2026 年資料: https://www.dgpa.gov.tw/FileConversion?filename=dgpa/files/202506/a52331bd-a189-466b-b0f0-cae3062bbf74.csv&nfix=&name=115%e5%b9%b4%e4%b8%ad%e8%8f%af%e6%b0%91%e5%9c%8b%e6%94%bf%e5%ba%9c%e8%a1%8c%e6%94%bf%e6%a9%9f%e9%97%9c%e8%be%a6%e5%85%ac%e6%97%a5%e6%9b%86%e8%a1%a8.csv
2025-07-01 00:25:54,515 - INFO - 成功下載並儲存: data/taiwan_holidays_2026.csv
2025-07-01 00:25:54,515 - INFO - 2026 年資料筆數: 365
2025-07-01 00:25:54,516 - INFO - 爬蟲執行完成，成功下載 2 個年份的資料
2025-07-01 00:25:54,549 - INFO - 成功轉換: data/taiwan_holidays_2019.csv -> data/taiwan_holidays_2019.yml
2025-07-01 00:25:54,549 - INFO - 放假日數量: 115
2025-07-01 00:25:54,549 - INFO - 特殊工作日數量: 3
2025-07-01 00:25:54,565 - INFO - 成功轉換: data/taiwan_holidays_2022.csv -> data/taiwan_holidays_2022.yml
2025-07-01 00:25:54,566 - INFO - 放假日數量: 115
2025-07-01 00:25:54,566 - INFO - 特殊工作日數量: 1
2025-07-01 00:25:54,582 - INFO - 成功轉換: data/taiwan_holidays_2024.csv -> data/taiwan_holidays_2024.yml
2025-07-01 00:25:54,582 - INFO - 放假日數量: 115
2025-07-01 00:25:54,582 - INFO - 特殊工作日數量: 1
2025-07-01 00:25:54,599 - INFO - 成功轉換: data/taiwan_holidays_2023.csv -> data/taiwan_holidays_2023.yml
2025-07-01 00:25:54,599 - INFO - 放假日數量: 116
2025-07-01 00:25:54,599 - INFO - 特殊工作日數量: 6
2025-07-01 00:25:54,616 - INFO - 成功轉換: data/taiwan_holidays_2021.csv -> data/taiwan_holidays_2021.yml
2025-07-01 00:25:54,616 - INFO - 放假日數量: 116
2025-07-01 00:25:54,616 - INFO - 特殊工作日數量: 2
2025-07-01 00:25:54,632 - INFO - 成功轉換: data/taiwan_holidays_2025.csv -> data/taiwan_holidays_2025.yml
2025-07-01 00:25:54,632 - INFO - 放假日數量: 115
2025-07-01 00:25:54,633 - INFO - 特殊工作日數量: 1
2025-07-01 00:25:54,649 - INFO - 成功轉換: data/taiwan_holidays_2026.csv -> data/taiwan_holidays_2026.yml
2025-07-01 00:25:54,649 - INFO - 放假日數量: 120
2025-07-01 00:25:54,649 - INFO - 特殊工作日數量: 0
2025-07-01 00:25:54,666 - INFO - 成功轉換: data/taiwan_holidays_2020.csv -> data/taiwan_holidays_2020.yml
2025-07-01 00:25:54,666 - INFO - 放假日數量: 115
2025-07-01 00:25:54,666 - INFO - 特殊工作日數量: 3
2025-07-01 00:25:54,666 - INFO - 轉換完成: 成功 8/8 個檔案
2025-07-01 00:25:54,897 - INFO - 建立摘要檔案: data/summary.yml
2025-07-01 00:25:54,897 - INFO - 已自動轉換為 YAML 格式
2025-07-01 00:25:54,897 - INFO - 已下載的 CSV 檔案:
2025-07-01 00:25:54,898 - INFO -   - taiwan_holidays_2019.csv (6432 bytes)
2025-07-01 00:25:54,898 - INFO -   - taiwan_holidays_2020.csv (6482 bytes)
2025-07-01 00:25:54,898 - INFO -   - taiwan_holidays_2021.csv (6453 bytes)
2025-07-01 00:25:54,898 - INFO -   - taiwan_holidays_2022.csv (6390 bytes)
2025-07-01 00:25:54,898 - INFO -   - taiwan_holidays_2023.csv (6519 bytes)
2025-07-01 00:25:54,898 - INFO -   - taiwan_holidays_2024.csv (6419 bytes)
2025-07-01 00:25:54,898 - INFO -   - taiwan_holidays_2025.csv (6396 bytes)
2025-07-01 00:25:54,898 - INFO -   - taiwan_holidays_2026.csv (6499 bytes)
2025-07-01 00:25:54,898 - INFO - 已轉換的 YAML 檔案:
2025-07-01 00:25:54,898 - INFO -   - summary.yml (906 bytes)
2025-07-01 00:25:54,898 - INFO -   - taiwan_holidays_2019.yml (8723 bytes)
2025-07-01 00:25:54,898 - INFO -   - taiwan_holidays_2020.yml (8720 bytes)
2025-07-01 00:25:54,898 - INFO -   - taiwan_holidays_2021.yml (8708 bytes)
2025-07-01 00:25:54,898 - INFO -   - taiwan_holidays_2022.yml (8562 bytes)
2025-07-01 00:25:54,899 - INFO -   - taiwan_holidays_2023.yml (9021 bytes)
2025-07-01 00:25:54,899 - INFO -   - taiwan_holidays_2024.yml (8565 bytes)
2025-07-01 00:25:54,899 - INFO -   - taiwan_holidays_2025.yml (8568 bytes)
2025-07-01 00:25:54,899 - INFO -   - taiwan_holidays_2026.yml (8894 bytes)
2025-07-01 06:40:18,207 - INFO - 🚀 開始執行台灣政府辦公日曆表爬蟲 - 維護模式（當前年+下一年）
2025-07-01 06:40:20,451 - INFO - 找到 2019 年資料: 108年中華民國政府行政機關辦公日曆表.csv
2025-07-01 06:40:20,451 - INFO - 找到 2020 年資料: 109年中華民國政府行政機關辦公日曆表.csv
2025-07-01 06:40:20,451 - INFO - 找到 2022 年資料: 111年中華民國政府行政機關辦公日曆表.csv
2025-07-01 06:40:20,452 - INFO - 找到 2023 年資料: 112年中華民國政府行政機關辦公日曆表.csv
2025-07-01 06:40:20,452 - INFO - 找到 2024 年資料: 113年中華民國政府行政機關辦公日曆表.csv
2025-07-01 06:40:20,452 - INFO - 找到 2025 年資料: 114年中華民國政府行政機關辦公日曆表.csv
2025-07-01 06:40:20,452 - INFO - 找到 2026 年資料: 115年中華民國政府行政機關辦公日曆表.csv
2025-07-01 06:40:20,452 - INFO - 找到可用年份及連結: [2019, 2020, 2022, 2023, 2024, 2025, 2026]
2025-07-01 06:40:20,453 - INFO - 目標年份: [2025, 2026]
2025-07-01 06:40:20,454 - INFO - 連結驗證成功: 114年中華民國政府行政機關辦公日曆表.csv
2025-07-01 06:40:20,454 - INFO - 下載 2025 年資料: https://www.dgpa.gov.tw/FileConversion?filename=dgpa/files/202407/22f9fcbc-fbb2-4387-8bcf-73b2279666c2.csv&nfix=&name=114年中華民國政府行政機關辦公日曆表.csv
2025-07-01 06:40:22,417 - INFO - 成功下載並儲存: data/taiwan_holidays_2025.csv
2025-07-01 06:40:22,417 - INFO - 2025 年資料筆數: 365
2025-07-01 06:40:22,418 - INFO - 連結驗證成功: 115年中華民國政府行政機關辦公日曆表.csv
2025-07-01 06:40:22,418 - INFO - 下載 2026 年資料: https://www.dgpa.gov.tw/FileConversion?filename=dgpa/files/202506/a52331bd-a189-466b-b0f0-cae3062bbf74.csv&nfix=&name=115%e5%b9%b4%e4%b8%ad%e8%8f%af%e6%b0%91%e5%9c%8b%e6%94%bf%e5%ba%9c%e8%a1%8c%e6%94%bf%e6%a9%9f%e9%97%9c%e8%be%a6%e5%85%ac%e6%97%a5%e6%9b%86%e8%a1%a8.csv
2025-07-01 06:40:23,276 - INFO - 成功下載並儲存: data/taiwan_holidays_2026.csv
2025-07-01 06:40:23,276 - INFO - 2026 年資料筆數: 365
2025-07-01 06:40:23,277 - INFO - 爬蟲執行完成，成功下載 2 個年份的資料
2025-07-01 06:40:23,341 - INFO - 成功轉換: data/taiwan_holidays_2019.csv -> data/taiwan_holidays_2019.yml
2025-07-01 06:40:23,341 - INFO - 放假日數量: 115
2025-07-01 06:40:23,342 - INFO - 特殊工作日數量: 3
2025-07-01 06:40:23,358 - INFO - 成功轉換: data/taiwan_holidays_2022.csv -> data/taiwan_holidays_2022.yml
2025-07-01 06:40:23,358 - INFO - 放假日數量: 115
2025-07-01 06:40:23,358 - INFO - 特殊工作日數量: 1
2025-07-01 06:40:23,374 - INFO - 成功轉換: data/taiwan_holidays_2024.csv -> data/taiwan_holidays_2024.yml
2025-07-01 06:40:23,374 - INFO - 放假日數量: 115
2025-07-01 06:40:23,374 - INFO - 特殊工作日數量: 1
2025-07-01 06:40:23,391 - INFO - 成功轉換: data/taiwan_holidays_2023.csv -> data/taiwan_holidays_2023.yml
2025-07-01 06:40:23,391 - INFO - 放假日數量: 116
2025-07-01 06:40:23,391 - INFO - 特殊工作日數量: 6
2025-07-01 06:40:23,407 - INFO - 成功轉換: data/taiwan_holidays_2021.csv -> data/taiwan_holidays_2021.yml
2025-07-01 06:40:23,407 - INFO - 放假日數量: 116
2025-07-01 06:40:23,407 - INFO - 特殊工作日數量: 2
2025-07-01 06:40:23,423 - INFO - 成功轉換: data/taiwan_holidays_2025.csv -> data/taiwan_holidays_2025.yml
2025-07-01 06:40:23,423 - INFO - 放假日數量: 115
2025-07-01 06:40:23,423 - INFO - 特殊工作日數量: 1
2025-07-01 06:40:23,439 - INFO - 成功轉換: data/taiwan_holidays_2026.csv -> data/taiwan_holidays_2026.yml
2025-07-01 06:40:23,439 - INFO - 放假日數量: 120
2025-07-01 06:40:23,439 - INFO - 特殊工作日數量: 0
2025-07-01 06:40:23,457 - INFO - 成功轉換: data/taiwan_holidays_2020.csv -> data/taiwan_holidays_2020.yml
2025-07-01 06:40:23,457 - INFO - 放假日數量: 115
2025-07-01 06:40:23,457 - INFO - 特殊工作日數量: 3
2025-07-01 06:40:23,458 - INFO - 轉換完成: 成功 8/8 個檔案
2025-07-01 06:40:23,685 - INFO - 建立摘要檔案: data/summary.yml
2025-07-01 06:40:23,685 - INFO - 已自動轉換為 YAML 格式
2025-07-01 06:40:23,685 - INFO - 已下載的 CSV 檔案:
2025-07-01 06:40:23,685 - INFO -   - taiwan_holidays_2019.csv (6432 bytes)
2025-07-01 06:40:23,685 - INFO -   - taiwan_holidays_2020.csv (6482 bytes)
2025-07-01 06:40:23,686 - INFO -   - taiwan_holidays_2021.csv (6453 bytes)
2025-07-01 06:40:23,686 - INFO -   - taiwan_holidays_2022.csv (6390 bytes)
2025-07-01 06:40:23,686 - INFO -   - taiwan_holidays_2023.csv (6519 bytes)
2025-07-01 06:40:23,686 - INFO -   - taiwan_holidays_2024.csv (6419 bytes)
2025-07-01 06:40:23,686 - INFO -   - taiwan_holidays_2025.csv (6396 bytes)
2025-07-01 06:40:23,686 - INFO -   - taiwan_holidays_2026.csv (6499 bytes)
2025-07-01 06:40:23,686 - INFO - 已轉換的 YAML 檔案:
2025-07-01 06:40:23,686 - INFO -   - summary.yml (906 bytes)
2025-07-01 06:40:23,686 - INFO -   - taiwan_holidays_2019.yml (8723 bytes)
2025-07-01 06:40:23,686 - INFO -   - taiwan_holidays_2020.yml (8720 bytes)
2025-07-01 06:40:23,686 - INFO -   - taiwan_holidays_2021.yml (8708 bytes)
2025-07-01 06:40:23,686 - INFO -   - taiwan_holidays_2022.yml (8562 bytes)
2025-07-01 06:40:23,686 - INFO -   - taiwan_holidays_2023.yml (9021 bytes)
2025-07-01 06:40:23,686 - INFO -   - taiwan_holidays_2024.yml (8565 bytes)
2025-07-01 06:40:23,686 - INFO -   - taiwan_holidays_2025.yml (8568 bytes)
2025-07-01 06:40:23,686 - INFO -   - taiwan_holidays_2026.yml (8894 bytes)
2025-07-01 06:45:55,020 - INFO - 🚀 開始執行台灣政府辦公日曆表爬蟲 - 維護模式（當前年+下一年）
2025-07-01 06:45:57,550 - INFO - 找到 2019 年資料: 108年中華民國政府行政機關辦公日曆表.csv
2025-07-01 06:45:57,550 - INFO - 找到 2020 年資料: 109年中華民國政府行政機關辦公日曆表.csv
2025-07-01 06:45:57,550 - INFO - 找到 2022 年資料: 111年中華民國政府行政機關辦公日曆表.csv
2025-07-01 06:45:57,550 - INFO - 找到 2023 年資料: 112年中華民國政府行政機關辦公日曆表.csv
2025-07-01 06:45:57,551 - INFO - 找到 2024 年資料: 113年中華民國政府行政機關辦公日曆表.csv
2025-07-01 06:45:57,551 - INFO - 找到 2025 年資料: 114年中華民國政府行政機關辦公日曆表.csv
2025-07-01 06:45:57,551 - INFO - 找到 2026 年資料: 115年中華民國政府行政機關辦公日曆表.csv
2025-07-01 06:45:57,551 - INFO - 找到可用年份及連結: [2019, 2020, 2022, 2023, 2024, 2025, 2026]
2025-07-01 06:45:57,552 - INFO - 目標年份: [2025, 2026]
2025-07-01 06:45:57,552 - INFO - 連結驗證成功: 114年中華民國政府行政機關辦公日曆表.csv
2025-07-01 06:45:57,552 - INFO - 下載 2025 年資料: https://www.dgpa.gov.tw/FileConversion?filename=dgpa/files/202407/22f9fcbc-fbb2-4387-8bcf-73b2279666c2.csv&nfix=&name=114年中華民國政府行政機關辦公日曆表.csv
2025-07-01 06:45:59,345 - INFO - 成功下載並儲存: data/taiwan_holidays_2025.csv
2025-07-01 06:45:59,345 - INFO - 2025 年資料筆數: 365
2025-07-01 06:45:59,346 - INFO - 連結驗證成功: 115年中華民國政府行政機關辦公日曆表.csv
2025-07-01 06:45:59,347 - INFO - 下載 2026 年資料: https://www.dgpa.gov.tw/FileConversion?filename=dgpa/files/202506/a52331bd-a189-466b-b0f0-cae3062bbf74.csv&nfix=&name=115%e5%b9%b4%e4%b8%ad%e8%8f%af%e6%b0%91%e5%9c%8b%e6%94%bf%e5%ba%9c%e8%a1%8c%e6%94%bf%e6%a9%9f%e9%97%9c%e8%be%a6%e5%85%ac%e6%97%a5%e6%9b%86%e8%a1%a8.csv
2025-07-01 06:46:00,246 - INFO - 成功下載並儲存: data/taiwan_holidays_2026.csv
2025-07-01 06:46:00,246 - INFO - 2026 年資料筆數: 365
2025-07-01 06:46:00,247 - INFO - 爬蟲執行完成，成功下載 2 個年份的資料
2025-07-01 06:46:00,289 - INFO - 成功轉換: data/taiwan_holidays_2019.csv -> data/taiwan_holidays_2019.yml
2025-07-01 06:46:00,289 - INFO - 放假日數量: 115
2025-07-01 06:46:00,289 - INFO - 特殊工作日數量: 3
2025-07-01 06:46:00,306 - INFO - 成功轉換: data/taiwan_holidays_2022.csv -> data/taiwan_holidays_2022.yml
2025-07-01 06:46:00,306 - INFO - 放假日數量: 115
2025-07-01 06:46:00,306 - INFO - 特殊工作日數量: 1
2025-07-01 06:46:00,322 - INFO - 成功轉換: data/taiwan_holidays_2024.csv -> data/taiwan_holidays_2024.yml
2025-07-01 06:46:00,322 - INFO - 放假日數量: 115
2025-07-01 06:46:00,322 - INFO - 特殊工作日數量: 1
2025-07-01 06:46:00,339 - INFO - 成功轉換: data/taiwan_holidays_2023.csv -> data/taiwan_holidays_2023.yml
2025-07-01 06:46:00,340 - INFO - 放假日數量: 116
2025-07-01 06:46:00,340 - INFO - 特殊工作日數量: 6
2025-07-01 06:46:00,356 - INFO - 成功轉換: data/taiwan_holidays_2021.csv -> data/taiwan_holidays_2021.yml
2025-07-01 06:46:00,356 - INFO - 放假日數量: 116
2025-07-01 06:46:00,356 - INFO - 特殊工作日數量: 2
2025-07-01 06:46:00,373 - INFO - 成功轉換: data/taiwan_holidays_2025.csv -> data/taiwan_holidays_2025.yml
2025-07-01 06:46:00,373 - INFO - 放假日數量: 115
2025-07-01 06:46:00,373 - INFO - 特殊工作日數量: 1
2025-07-01 06:46:00,390 - INFO - 成功轉換: data/taiwan_holidays_2026.csv -> data/taiwan_holidays_2026.yml
2025-07-01 06:46:00,390 - INFO - 放假日數量: 120
2025-07-01 06:46:00,390 - INFO - 特殊工作日數量: 0
2025-07-01 06:46:00,407 - INFO - 成功轉換: data/taiwan_holidays_2020.csv -> data/taiwan_holidays_2020.yml
2025-07-01 06:46:00,407 - INFO - 放假日數量: 115
2025-07-01 06:46:00,407 - INFO - 特殊工作日數量: 3
2025-07-01 06:46:00,407 - INFO - 轉換完成: 成功 8/8 個檔案
2025-07-01 06:46:00,636 - INFO - 建立摘要檔案: data/summary.yml
2025-07-01 06:46:00,637 - INFO - 已自動轉換為 YAML 格式
2025-07-01 06:46:00,637 - INFO - 已下載的 CSV 檔案:
2025-07-01 06:46:00,637 - INFO -   - taiwan_holidays_2019.csv (6432 bytes)
2025-07-01 06:46:00,637 - INFO -   - taiwan_holidays_2020.csv (6482 bytes)
2025-07-01 06:46:00,637 - INFO -   - taiwan_holidays_2021.csv (6453 bytes)
2025-07-01 06:46:00,637 - INFO -   - taiwan_holidays_2022.csv (6390 bytes)
2025-07-01 06:46:00,637 - INFO -   - taiwan_holidays_2023.csv (6519 bytes)
2025-07-01 06:46:00,637 - INFO -   - taiwan_holidays_2024.csv (6419 bytes)
2025-07-01 06:46:00,637 - INFO -   - taiwan_holidays_2025.csv (6396 bytes)
2025-07-01 06:46:00,637 - INFO -   - taiwan_holidays_2026.csv (6499 bytes)
2025-07-01 06:46:00,637 - INFO - 已轉換的 YAML 檔案:
2025-07-01 06:46:00,637 - INFO -   - summary.yml (906 bytes)
2025-07-01 06:46:00,637 - INFO -   - taiwan_holidays_2019.yml (8723 bytes)
2025-07-01 06:46:00,637 - INFO -   - taiwan_holidays_2020.yml (8720 bytes)
2025-07-01 06:46:00,637 - INFO -   - taiwan_holidays_2021.yml (8708 bytes)
2025-07-01 06:46:00,638 - INFO -   - taiwan_holidays_2022.yml (8562 bytes)
2025-07-01 06:46:00,638 - INFO -   - taiwan_holidays_2023.yml (9021 bytes)
2025-07-01 06:46:00,638 - INFO -   - taiwan_holidays_2024.yml (8565 bytes)
2025-07-01 06:46:00,638 - INFO -   - taiwan_holidays_2025.yml (8568 bytes)
2025-07-01 06:46:00,638 - INFO -   - taiwan_holidays_2026.yml (8894 bytes)
2025-07-01 06:46:36,970 - INFO - 🚀 開始執行台灣政府辦公日曆表爬蟲 - 維護模式（當前年+下一年）
2025-07-01 06:46:38,858 - INFO - 找到 2019 年資料: 108年中華民國政府行政機關辦公日曆表.csv
2025-07-01 06:46:38,858 - INFO - 找到 2020 年資料: 109年中華民國政府行政機關辦公日曆表.csv
2025-07-01 06:46:38,858 - INFO - 找到 2022 年資料: 111年中華民國政府行政機關辦公日曆表.csv
2025-07-01 06:46:38,858 - INFO - 找到 2023 年資料: 112年中華民國政府行政機關辦公日曆表.csv
2025-07-01 06:46:38,858 - INFO - 找到 2024 年資料: 113年中華民國政府行政機關辦公日曆表.csv
2025-07-01 06:46:38,859 - INFO - 找到 2025 年資料: 114年中華民國政府行政機關辦公日曆表.csv
2025-07-01 06:46:38,859 - INFO - 找到 2026 年資料: 115年中華民國政府行政機關辦公日曆表.csv
2025-07-01 06:46:38,859 - INFO - 找到可用年份及連結: [2019, 2020, 2022, 2023, 2024, 2025, 2026]
2025-07-01 06:46:38,860 - INFO - 目標年份: [2025, 2026]
2025-07-01 06:46:38,861 - INFO - 連結驗證成功: 114年中華民國政府行政機關辦公日曆表.csv
2025-07-01 06:46:38,861 - INFO - 下載 2025 年資料: https://www.dgpa.gov.tw/FileConversion?filename=dgpa/files/202407/22f9fcbc-fbb2-4387-8bcf-73b2279666c2.csv&nfix=&name=114年中華民國政府行政機關辦公日曆表.csv
2025-07-01 06:46:40,477 - INFO - 成功下載並儲存: data/taiwan_holidays_2025.csv
2025-07-01 06:46:40,477 - INFO - 2025 年資料筆數: 365
2025-07-01 06:46:40,479 - INFO - 連結驗證成功: 115年中華民國政府行政機關辦公日曆表.csv
2025-07-01 06:46:40,479 - INFO - 下載 2026 年資料: https://www.dgpa.gov.tw/FileConversion?filename=dgpa/files/202506/a52331bd-a189-466b-b0f0-cae3062bbf74.csv&nfix=&name=115%e5%b9%b4%e4%b8%ad%e8%8f%af%e6%b0%91%e5%9c%8b%e6%94%bf%e5%ba%9c%e8%a1%8c%e6%94%bf%e6%a9%9f%e9%97%9c%e8%be%a6%e5%85%ac%e6%97%a5%e6%9b%86%e8%a1%a8.csv
2025-07-01 06:46:41,349 - INFO - 成功下載並儲存: data/taiwan_holidays_2026.csv
2025-07-01 06:46:41,349 - INFO - 2026 年資料筆數: 365
2025-07-01 06:46:41,350 - INFO - 爬蟲執行完成，成功下載 2 個年份的資料
2025-07-01 06:46:41,415 - INFO - 成功轉換: data/taiwan_holidays_2019.csv -> data/taiwan_holidays_2019.yml
2025-07-01 06:46:41,415 - INFO - 放假日數量: 115
2025-07-01 06:46:41,415 - INFO - 特殊工作日數量: 3
2025-07-01 06:46:41,432 - INFO - 成功轉換: data/taiwan_holidays_2022.csv -> data/taiwan_holidays_2022.yml
2025-07-01 06:46:41,432 - INFO - 放假日數量: 115
2025-07-01 06:46:41,432 - INFO - 特殊工作日數量: 1
2025-07-01 06:46:41,448 - INFO - 成功轉換: data/taiwan_holidays_2024.csv -> data/taiwan_holidays_2024.yml
2025-07-01 06:46:41,448 - INFO - 放假日數量: 115
2025-07-01 06:46:41,448 - INFO - 特殊工作日數量: 1
2025-07-01 06:46:41,465 - INFO - 成功轉換: data/taiwan_holidays_2023.csv -> data/taiwan_holidays_2023.yml
2025-07-01 06:46:41,466 - INFO - 放假日數量: 116
2025-07-01 06:46:41,466 - INFO - 特殊工作日數量: 6
2025-07-01 06:46:41,482 - INFO - 成功轉換: data/taiwan_holidays_2021.csv -> data/taiwan_holidays_2021.yml
2025-07-01 06:46:41,482 - INFO - 放假日數量: 116
2025-07-01 06:46:41,482 - INFO - 特殊工作日數量: 2
2025-07-01 06:46:41,499 - INFO - 成功轉換: data/taiwan_holidays_2025.csv -> data/taiwan_holidays_2025.yml
2025-07-01 06:46:41,499 - INFO - 放假日數量: 115
2025-07-01 06:46:41,499 - INFO - 特殊工作日數量: 1
2025-07-01 06:46:41,515 - INFO - 成功轉換: data/taiwan_holidays_2026.csv -> data/taiwan_holidays_2026.yml
2025-07-01 06:46:41,515 - INFO - 放假日數量: 120
2025-07-01 06:46:41,515 - INFO - 特殊工作日數量: 0
2025-07-01 06:46:41,532 - INFO - 成功轉換: data/taiwan_holidays_2020.csv -> data/taiwan_holidays_2020.yml
2025-07-01 06:46:41,532 - INFO - 放假日數量: 115
2025-07-01 06:46:41,532 - INFO - 特殊工作日數量: 3
2025-07-01 06:46:41,532 - INFO - 轉換完成: 成功 8/8 個檔案
2025-07-01 06:46:41,763 - INFO - 建立摘要檔案: data/summary.yml
2025-07-01 06:46:41,763 - INFO - 已自動轉換為 YAML 格式
2025-07-01 06:46:41,763 - INFO - 已下載的 CSV 檔案:
2025-07-01 06:46:41,763 - INFO -   - taiwan_holidays_2019.csv (6432 bytes)
2025-07-01 06:46:41,763 - INFO -   - taiwan_holidays_2020.csv (6482 bytes)
2025-07-01 06:46:41,763 - INFO -   - taiwan_holidays_2021.csv (6453 bytes)
2025-07-01 06:46:41,763 - INFO -   - taiwan_holidays_2022.csv (6390 bytes)
2025-07-01 06:46:41,763 - INFO -   - taiwan_holidays_2023.csv (6519 bytes)
2025-07-01 06:46:41,763 - INFO -   - taiwan_holidays_2024.csv (6419 bytes)
2025-07-01 06:46:41,763 - INFO -   - taiwan_holidays_2025.csv (6396 bytes)
2025-07-01 06:46:41,763 - INFO -   - taiwan_holidays_2026.csv (6499 bytes)
2025-07-01 06:46:41,763 - INFO - 已轉換的 YAML 檔案:
2025-07-01 06:46:41,763 - INFO -   - summary.yml (906 bytes)
2025-07-01 06:46:41,763 - INFO -   - taiwan_holidays_2019.yml (8723 bytes)
2025-07-01 06:46:41,763 - INFO -   - taiwan_holidays_2020.yml (8720 bytes)
2025-07-01 06:46:41,764 - INFO -   - taiwan_holidays_2021.yml (8708 bytes)
2025-07-01 06:46:41,764 - INFO -   - taiwan_holidays_2022.yml (8562 bytes)
2025-07-01 06:46:41,764 - INFO -   - taiwan_holidays_2023.yml (9021 bytes)
2025-07-01 06:46:41,764 - INFO -   - taiwan_holidays_2024.yml (8565 bytes)
2025-07-01 06:46:41,764 - INFO -   - taiwan_holidays_2025.yml (8568 bytes)
2025-07-01 06:46:41,764 - INFO -   - taiwan_holidays_2026.yml (8894 bytes)
2025-08-01 00:27:19,011 - INFO - 🚀 開始執行台灣政府辦公日曆表爬蟲 - 維護模式（當前年+下一年）
2025-08-01 00:27:20,641 - INFO - 找到 2019 年資料: 108年中華民國政府行政機關辦公日曆表.csv
2025-08-01 00:27:20,641 - INFO - 找到 2020 年資料: 109年中華民國政府行政機關辦公日曆表.csv
2025-08-01 00:27:20,641 - INFO - 找到 2022 年資料: 111年中華民國政府行政機關辦公日曆表.csv
2025-08-01 00:27:20,641 - INFO - 找到 2023 年資料: 112年中華民國政府行政機關辦公日曆表.csv
2025-08-01 00:27:20,642 - INFO - 找到 2024 年資料: 113年中華民國政府行政機關辦公日曆表.csv
2025-08-01 00:27:20,642 - INFO - 找到 2025 年資料: 114年中華民國政府行政機關辦公日曆表.csv
2025-08-01 00:27:20,642 - INFO - 找到 2026 年資料: 115年中華民國政府行政機關辦公日曆表.csv
2025-08-01 00:27:20,642 - INFO - 找到可用年份及連結: [2019, 2020, 2022, 2023, 2024, 2025, 2026]
2025-08-01 00:27:20,643 - INFO - 目標年份: [2025, 2026]
2025-08-01 00:27:20,644 - INFO - 連結驗證成功: 114年中華民國政府行政機關辦公日曆表.csv
2025-08-01 00:27:20,644 - INFO - 下載 2025 年資料: https://www.dgpa.gov.tw/FileConversion?filename=dgpa/files/202407/22f9fcbc-fbb2-4387-8bcf-73b2279666c2.csv&nfix=&name=114年中華民國政府行政機關辦公日曆表.csv
2025-08-01 00:27:22,351 - INFO - 成功下載並儲存: data/taiwan_holidays_2025.csv
2025-08-01 00:27:22,352 - INFO - 2025 年資料筆數: 365
2025-08-01 00:27:22,353 - INFO - 連結驗證成功: 115年中華民國政府行政機關辦公日曆表.csv
2025-08-01 00:27:22,353 - INFO - 下載 2026 年資料: https://www.dgpa.gov.tw/FileConversion?filename=dgpa/files/202506/a52331bd-a189-466b-b0f0-cae3062bbf74.csv&nfix=&name=115%e5%b9%b4%e4%b8%ad%e8%8f%af%e6%b0%91%e5%9c%8b%e6%94%bf%e5%ba%9c%e8%a1%8c%e6%94%bf%e6%a9%9f%e9%97%9c%e8%be%a6%e5%85%ac%e6%97%a5%e6%9b%86%e8%a1%a8.csv
2025-08-01 00:27:23,082 - INFO - 成功下載並儲存: data/taiwan_holidays_2026.csv
2025-08-01 00:27:23,082 - INFO - 2026 年資料筆數: 365
2025-08-01 00:27:23,083 - INFO - 爬蟲執行完成，成功下載 2 個年份的資料
2025-08-01 00:27:23,189 - INFO - 成功轉換: data/taiwan_holidays_2019.csv -> data/taiwan_holidays_2019.yml
2025-08-01 00:27:23,189 - INFO - 放假日數量: 115
2025-08-01 00:27:23,189 - INFO - 特殊工作日數量: 3
2025-08-01 00:27:23,206 - INFO - 成功轉換: data/taiwan_holidays_2023.csv -> data/taiwan_holidays_2023.yml
2025-08-01 00:27:23,206 - INFO - 放假日數量: 116
2025-08-01 00:27:23,206 - INFO - 特殊工作日數量: 6
2025-08-01 00:27:23,222 - INFO - 成功轉換: data/taiwan_holidays_2025.csv -> data/taiwan_holidays_2025.yml
2025-08-01 00:27:23,223 - INFO - 放假日數量: 115
2025-08-01 00:27:23,223 - INFO - 特殊工作日數量: 1
2025-08-01 00:27:23,239 - INFO - 成功轉換: data/taiwan_holidays_2024.csv -> data/taiwan_holidays_2024.yml
2025-08-01 00:27:23,239 - INFO - 放假日數量: 115
2025-08-01 00:27:23,239 - INFO - 特殊工作日數量: 1
2025-08-01 00:27:23,255 - INFO - 成功轉換: data/taiwan_holidays_2021.csv -> data/taiwan_holidays_2021.yml
2025-08-01 00:27:23,255 - INFO - 放假日數量: 116
2025-08-01 00:27:23,255 - INFO - 特殊工作日數量: 2
2025-08-01 00:27:23,272 - INFO - 成功轉換: data/taiwan_holidays_2026.csv -> data/taiwan_holidays_2026.yml
2025-08-01 00:27:23,272 - INFO - 放假日數量: 120
2025-08-01 00:27:23,272 - INFO - 特殊工作日數量: 0
2025-08-01 00:27:23,288 - INFO - 成功轉換: data/taiwan_holidays_2022.csv -> data/taiwan_holidays_2022.yml
2025-08-01 00:27:23,288 - INFO - 放假日數量: 115
2025-08-01 00:27:23,288 - INFO - 特殊工作日數量: 1
2025-08-01 00:27:23,305 - INFO - 成功轉換: data/taiwan_holidays_2020.csv -> data/taiwan_holidays_2020.yml
2025-08-01 00:27:23,305 - INFO - 放假日數量: 115
2025-08-01 00:27:23,305 - INFO - 特殊工作日數量: 3
2025-08-01 00:27:23,305 - INFO - 轉換完成: 成功 8/8 個檔案
2025-08-01 00:27:23,532 - INFO - 建立摘要檔案: data/summary.yml
2025-08-01 00:27:23,532 - INFO - 已自動轉換為 YAML 格式
2025-08-01 00:27:23,532 - INFO - 已下載的 CSV 檔案:
2025-08-01 00:27:23,532 - INFO -   - taiwan_holidays_2019.csv (6432 bytes)
2025-08-01 00:27:23,532 - INFO -   - taiwan_holidays_2020.csv (6482 bytes)
2025-08-01 00:27:23,532 - INFO -   - taiwan_holidays_2021.csv (6453 bytes)
2025-08-01 00:27:23,532 - INFO -   - taiwan_holidays_2022.csv (6390 bytes)
2025-08-01 00:27:23,533 - INFO -   - taiwan_holidays_2023.csv (6519 bytes)
2025-08-01 00:27:23,533 - INFO -   - taiwan_holidays_2024.csv (6419 bytes)
2025-08-01 00:27:23,533 - INFO -   - taiwan_holidays_2025.csv (6396 bytes)
2025-08-01 00:27:23,533 - INFO -   - taiwan_holidays_2026.csv (6499 bytes)
2025-08-01 00:27:23,533 - INFO - 已轉換的 YAML 檔案:
2025-08-01 00:27:23,533 - INFO -   - summary.yml (906 bytes)
2025-08-01 00:27:23,533 - INFO -   - taiwan_holidays_2019.yml (8723 bytes)
2025-08-01 00:27:23,533 - INFO -   - taiwan_holidays_2020.yml (8720 bytes)
2025-08-01 00:27:23,533 - INFO -   - taiwan_holidays_2021.yml (8708 bytes)
2025-08-01 00:27:23,533 - INFO -   - taiwan_holidays_2022.yml (8562 bytes)
2025-08-01 00:27:23,533 - INFO -   - taiwan_holidays_2023.yml (9021 bytes)
2025-08-01 00:27:23,533 - INFO -   - taiwan_holidays_2024.yml (8565 bytes)
2025-08-01 00:27:23,533 - INFO -   - taiwan_holidays_2025.yml (8568 bytes)
2025-08-01 00:27:23,533 - INFO -   - taiwan_holidays_2026.yml (8894 bytes)
2025-09-01 00:26:23,848 - INFO - 🚀 開始執行台灣政府辦公日曆表爬蟲 - 維護模式（當前年+下一年）
2025-09-01 00:26:25,404 - INFO - 找到 2019 年資料: 108年中華民國政府行政機關辦公日曆表.csv
2025-09-01 00:26:25,404 - INFO - 找到 2020 年資料: 109年中華民國政府行政機關辦公日曆表.csv
2025-09-01 00:26:25,404 - INFO - 找到 2022 年資料: 111年中華民國政府行政機關辦公日曆表.csv
2025-09-01 00:26:25,405 - INFO - 找到 2023 年資料: 112年中華民國政府行政機關辦公日曆表.csv
2025-09-01 00:26:25,405 - INFO - 找到 2024 年資料: 113年中華民國政府行政機關辦公日曆表.csv
2025-09-01 00:26:25,405 - INFO - 找到 2025 年資料: 114年中華民國政府行政機關辦公日曆表.csv
2025-09-01 00:26:25,405 - INFO - 找到 2026 年資料: 115年中華民國政府行政機關辦公日曆表.csv
2025-09-01 00:26:25,405 - INFO - 找到可用年份及連結: [2019, 2020, 2022, 2023, 2024, 2025, 2026]
2025-09-01 00:26:25,406 - INFO - 目標年份: [2025, 2026]
2025-09-01 00:26:25,406 - INFO - 連結驗證成功: 114年中華民國政府行政機關辦公日曆表.csv
2025-09-01 00:26:25,407 - INFO - 下載 2025 年資料: https://www.dgpa.gov.tw/FileConversion?filename=dgpa/files/202407/22f9fcbc-fbb2-4387-8bcf-73b2279666c2.csv&nfix=&name=114年中華民國政府行政機關辦公日曆表.csv
2025-09-01 00:26:26,681 - INFO - 成功下載並儲存: data/taiwan_holidays_2025.csv
2025-09-01 00:26:26,681 - INFO - 2025 年資料筆數: 365
2025-09-01 00:26:26,682 - INFO - 連結驗證成功: 115年中華民國政府行政機關辦公日曆表.csv
2025-09-01 00:26:26,682 - INFO - 下載 2026 年資料: https://www.dgpa.gov.tw/FileConversion?filename=dgpa/files/202506/a52331bd-a189-466b-b0f0-cae3062bbf74.csv&nfix=&name=115%e5%b9%b4%e4%b8%ad%e8%8f%af%e6%b0%91%e5%9c%8b%e6%94%bf%e5%ba%9c%e8%a1%8c%e6%94%bf%e6%a9%9f%e9%97%9c%e8%be%a6%e5%85%ac%e6%97%a5%e6%9b%86%e8%a1%a8.csv
2025-09-01 00:26:27,415 - INFO - 成功下載並儲存: data/taiwan_holidays_2026.csv
2025-09-01 00:26:27,416 - INFO - 2026 年資料筆數: 365
2025-09-01 00:26:27,417 - INFO - 爬蟲執行完成，成功下載 2 個年份的資料
2025-09-01 00:26:27,457 - INFO - 成功轉換: data/taiwan_holidays_2021.csv -> data/taiwan_holidays_2021.yml
2025-09-01 00:26:27,457 - INFO - 放假日數量: 116
2025-09-01 00:26:27,457 - INFO - 特殊工作日數量: 2
2025-09-01 00:26:27,473 - INFO - 成功轉換: data/taiwan_holidays_2024.csv -> data/taiwan_holidays_2024.yml
2025-09-01 00:26:27,473 - INFO - 放假日數量: 115
2025-09-01 00:26:27,473 - INFO - 特殊工作日數量: 1
2025-09-01 00:26:27,490 - INFO - 成功轉換: data/taiwan_holidays_2019.csv -> data/taiwan_holidays_2019.yml
2025-09-01 00:26:27,490 - INFO - 放假日數量: 115
2025-09-01 00:26:27,490 - INFO - 特殊工作日數量: 3
2025-09-01 00:26:27,507 - INFO - 成功轉換: data/taiwan_holidays_2025.csv -> data/taiwan_holidays_2025.yml
2025-09-01 00:26:27,507 - INFO - 放假日數量: 115
2025-09-01 00:26:27,507 - INFO - 特殊工作日數量: 1
2025-09-01 00:26:27,523 - INFO - 成功轉換: data/taiwan_holidays_2020.csv -> data/taiwan_holidays_2020.yml
2025-09-01 00:26:27,523 - INFO - 放假日數量: 115
2025-09-01 00:26:27,523 - INFO - 特殊工作日數量: 3
2025-09-01 00:26:27,539 - INFO - 成功轉換: data/taiwan_holidays_2022.csv -> data/taiwan_holidays_2022.yml
2025-09-01 00:26:27,539 - INFO - 放假日數量: 115
2025-09-01 00:26:27,539 - INFO - 特殊工作日數量: 1
2025-09-01 00:26:27,557 - INFO - 成功轉換: data/taiwan_holidays_2023.csv -> data/taiwan_holidays_2023.yml
2025-09-01 00:26:27,557 - INFO - 放假日數量: 116
2025-09-01 00:26:27,557 - INFO - 特殊工作日數量: 6
2025-09-01 00:26:27,574 - INFO - 成功轉換: data/taiwan_holidays_2026.csv -> data/taiwan_holidays_2026.yml
2025-09-01 00:26:27,574 - INFO - 放假日數量: 120
2025-09-01 00:26:27,574 - INFO - 特殊工作日數量: 0
2025-09-01 00:26:27,574 - INFO - 轉換完成: 成功 8/8 個檔案
2025-09-01 00:26:27,804 - INFO - 建立摘要檔案: data/summary.yml
2025-09-01 00:26:27,804 - INFO - 已自動轉換為 YAML 格式
2025-09-01 00:26:27,804 - INFO - 已下載的 CSV 檔案:
2025-09-01 00:26:27,804 - INFO -   - taiwan_holidays_2019.csv (6432 bytes)
2025-09-01 00:26:27,804 - INFO -   - taiwan_holidays_2020.csv (6482 bytes)
2025-09-01 00:26:27,804 - INFO -   - taiwan_holidays_2021.csv (6453 bytes)
2025-09-01 00:26:27,804 - INFO -   - taiwan_holidays_2022.csv (6390 bytes)
2025-09-01 00:26:27,804 - INFO -   - taiwan_holidays_2023.csv (6519 bytes)
2025-09-01 00:26:27,804 - INFO -   - taiwan_holidays_2024.csv (6419 bytes)
2025-09-01 00:26:27,804 - INFO -   - taiwan_holidays_2025.csv (6396 bytes)
2025-09-01 00:26:27,804 - INFO -   - taiwan_holidays_2026.csv (6499 bytes)
2025-09-01 00:26:27,804 - INFO - 已轉換的 YAML 檔案:
2025-09-01 00:26:27,804 - INFO -   - summary.yml (906 bytes)
2025-09-01 00:26:27,804 - INFO -   - taiwan_holidays_2019.yml (8723 bytes)
2025-09-01 00:26:27,804 - INFO -   - taiwan_holidays_2020.yml (8720 bytes)
2025-09-01 00:26:27,805 - INFO -   - taiwan_holidays_2021.yml (8708 bytes)
2025-09-01 00:26:27,805 - INFO -   - taiwan_holidays_2022.yml (8562 bytes)
2025-09-01 00:26:27,805 - INFO -   - taiwan_holidays_2023.yml (9021 bytes)
2025-09-01 00:26:27,805 - INFO -   - taiwan_holidays_2024.yml (8565 bytes)
2025-09-01 00:26:27,805 - INFO -   - taiwan_holidays_2025.yml (8568 bytes)
2025-09-01 00:26:27,805 - INFO -   - taiwan_holidays_2026.yml (8894 bytes)
2025-10-01 00:24:04,724 - INFO - 🚀 開始執行台灣政府辦公日曆表爬蟲 - 維護模式（當前年+下一年）
2025-10-01 00:24:06,569 - INFO - 找到 2019 年資料: 108年中華民國政府行政機關辦公日曆表.csv
2025-10-01 00:24:06,569 - INFO - 找到 2020 年資料: 109年中華民國政府行政機關辦公日曆表.csv
2025-10-01 00:24:06,570 - INFO - 找到 2022 年資料: 111年中華民國政府行政機關辦公日曆表.csv
2025-10-01 00:24:06,570 - INFO - 找到 2023 年資料: 112年中華民國政府行政機關辦公日曆表.csv
2025-10-01 00:24:06,570 - INFO - 找到 2024 年資料: 113年中華民國政府行政機關辦公日曆表.csv
2025-10-01 00:24:06,570 - INFO - 找到 2025 年資料: 114年中華民國政府行政機關辦公日曆表.csv
2025-10-01 00:24:06,570 - INFO - 找到 2026 年資料: 115年中華民國政府行政機關辦公日曆表.csv
2025-10-01 00:24:06,571 - INFO - 找到可用年份及連結: [2019, 2020, 2022, 2023, 2024, 2025, 2026]
2025-10-01 00:24:06,572 - INFO - 目標年份: [2025, 2026]
2025-10-01 00:24:06,572 - INFO - 連結驗證成功: 114年中華民國政府行政機關辦公日曆表.csv
2025-10-01 00:24:06,572 - INFO - 下載 2025 年資料: https://www.dgpa.gov.tw/FileConversion?filename=dgpa/files/202407/22f9fcbc-fbb2-4387-8bcf-73b2279666c2.csv&nfix=&name=114年中華民國政府行政機關辦公日曆表.csv
2025-10-01 00:24:07,912 - INFO - 成功下載並儲存: data/taiwan_holidays_2025.csv
2025-10-01 00:24:07,912 - INFO - 2025 年資料筆數: 365
2025-10-01 00:24:07,913 - INFO - 連結驗證成功: 115年中華民國政府行政機關辦公日曆表.csv
2025-10-01 00:24:07,914 - INFO - 下載 2026 年資料: https://www.dgpa.gov.tw/FileConversion?filename=dgpa/files/202506/a52331bd-a189-466b-b0f0-cae3062bbf74.csv&nfix=&name=115%e5%b9%b4%e4%b8%ad%e8%8f%af%e6%b0%91%e5%9c%8b%e6%94%bf%e5%ba%9c%e8%a1%8c%e6%94%bf%e6%a9%9f%e9%97%9c%e8%be%a6%e5%85%ac%e6%97%a5%e6%9b%86%e8%a1%a8.csv
2025-10-01 00:24:08,842 - INFO - 成功下載並儲存: data/taiwan_holidays_2026.csv
2025-10-01 00:24:08,842 - INFO - 2026 年資料筆數: 365
2025-10-01 00:24:08,843 - INFO - 爬蟲執行完成，成功下載 2 個年份的資料
2025-10-01 00:24:08,874 - INFO - 成功轉換: data/taiwan_holidays_2024.csv -> data/taiwan_holidays_2024.yml
2025-10-01 00:24:08,874 - INFO - 放假日數量: 115
2025-10-01 00:24:08,874 - INFO - 特殊工作日數量: 1
2025-10-01 00:24:08,891 - INFO - 成功轉換: data/taiwan_holidays_2022.csv -> data/taiwan_holidays_2022.yml
2025-10-01 00:24:08,891 - INFO - 放假日數量: 115
2025-10-01 00:24:08,891 - INFO - 特殊工作日數量: 1
2025-10-01 00:24:08,910 - INFO - 成功轉換: data/taiwan_holidays_2026.csv -> data/taiwan_holidays_2026.yml
2025-10-01 00:24:08,910 - INFO - 放假日數量: 120
2025-10-01 00:24:08,910 - INFO - 特殊工作日數量: 0
2025-10-01 00:24:08,927 - INFO - 成功轉換: data/taiwan_holidays_2020.csv -> data/taiwan_holidays_2020.yml
2025-10-01 00:24:08,927 - INFO - 放假日數量: 115
2025-10-01 00:24:08,927 - INFO - 特殊工作日數量: 3
2025-10-01 00:24:08,944 - INFO - 成功轉換: data/taiwan_holidays_2021.csv -> data/taiwan_holidays_2021.yml
2025-10-01 00:24:08,945 - INFO - 放假日數量: 116
2025-10-01 00:24:08,945 - INFO - 特殊工作日數量: 2
2025-10-01 00:24:08,962 - INFO - 成功轉換: data/taiwan_holidays_2023.csv -> data/taiwan_holidays_2023.yml
2025-10-01 00:24:08,962 - INFO - 放假日數量: 116
2025-10-01 00:24:08,962 - INFO - 特殊工作日數量: 6
2025-10-01 00:24:08,979 - INFO - 成功轉換: data/taiwan_holidays_2019.csv -> data/taiwan_holidays_2019.yml
2025-10-01 00:24:08,980 - INFO - 放假日數量: 115
2025-10-01 00:24:08,980 - INFO - 特殊工作日數量: 3
2025-10-01 00:24:08,996 - INFO - 成功轉換: data/taiwan_holidays_2025.csv -> data/taiwan_holidays_2025.yml
2025-10-01 00:24:08,996 - INFO - 放假日數量: 115
2025-10-01 00:24:08,996 - INFO - 特殊工作日數量: 1
2025-10-01 00:24:08,997 - INFO - 轉換完成: 成功 8/8 個檔案
2025-10-01 00:24:09,236 - INFO - 建立摘要檔案: data/summary.yml
2025-10-01 00:24:09,236 - INFO - 已自動轉換為 YAML 格式
2025-10-01 00:24:09,236 - INFO - 已下載的 CSV 檔案:
2025-10-01 00:24:09,236 - INFO -   - taiwan_holidays_2019.csv (6432 bytes)
2025-10-01 00:24:09,236 - INFO -   - taiwan_holidays_2020.csv (6482 bytes)
2025-10-01 00:24:09,237 - INFO -   - taiwan_holidays_2021.csv (6453 bytes)
2025-10-01 00:24:09,237 - INFO -   - taiwan_holidays_2022.csv (6390 bytes)
2025-10-01 00:24:09,237 - INFO -   - taiwan_holidays_2023.csv (6519 bytes)
2025-10-01 00:24:09,237 - INFO -   - taiwan_holidays_2024.csv (6419 bytes)
2025-10-01 00:24:09,237 - INFO -   - taiwan_holidays_2025.csv (6396 bytes)
2025-10-01 00:24:09,237 - INFO -   - taiwan_holidays_2026.csv (6499 bytes)
2025-10-01 00:24:09,237 - INFO - 已轉換的 YAML 檔案:
2025-10-01 00:24:09,237 - INFO -   - summary.yml (906 bytes)
2025-10-01 00:24:09,237 - INFO -   - taiwan_holidays_2019.yml (8723 bytes)
2025-10-01 00:24:09,237 - INFO -   - taiwan_holidays_2020.yml (8720 bytes)
2025-10-01 00:24:09,237 - INFO -   - taiwan_holidays_2021.yml (8708 bytes)
2025-10-01 00:24:09,237 - INFO -   - taiwan_holidays_2022.yml (8562 bytes)
2025-10-01 00:24:09,237 - INFO -   - taiwan_holidays_2023.yml (9021 bytes)
2025-10-01 00:24:09,237 - INFO -   - taiwan_holidays_2024.yml (8565 bytes)
2025-10-01 00:24:09,237 - INFO -   - taiwan_holidays_2025.yml (8568 bytes)
2025-10-01 00:24:09,237 - INFO -   - taiwan_holidays_2026.yml (8894 bytes)
2025-11-01 00:24:26,803 - INFO - 🚀 開始執行台灣政府辦公日曆表爬蟲 - 維護模式（當前年+下一年）
2025-11-01 00:24:28,535 - INFO - 找到 2019 年資料: 108年中華民國政府行政機關辦公日曆表.csv
2025-11-01 00:24:28,536 - INFO - 找到 2020 年資料: 109年中華民國政府行政機關辦公日曆表.csv
2025-11-01 00:24:28,536 - INFO - 找到 2022 年資料: 111年中華民國政府行政機關辦公日曆表.csv
2025-11-01 00:24:28,536 - INFO - 找到 2023 年資料: 112年中華民國政府行政機關辦公日曆表.csv
2025-11-01 00:24:28,536 - INFO - 找到 2024 年資料: 113年中華民國政府行政機關辦公日曆表.csv
2025-11-01 00:24:28,536 - INFO - 找到 2025 年資料: 114年中華民國政府行政機關辦公日曆表.csv
2025-11-01 00:24:28,537 - INFO - 找到 2026 年資料: 115年中華民國政府行政機關辦公日曆表.csv
2025-11-01 00:24:28,537 - INFO - 找到可用年份及連結: [2019, 2020, 2022, 2023, 2024, 2025, 2026]
2025-11-01 00:24:28,538 - INFO - 目標年份: [2025, 2026]
2025-11-01 00:24:28,538 - INFO - 連結驗證成功: 114年中華民國政府行政機關辦公日曆表.csv
2025-11-01 00:24:28,538 - INFO - 下載 2025 年資料: https://www.dgpa.gov.tw/FileConversion?filename=dgpa/files/202407/22f9fcbc-fbb2-4387-8bcf-73b2279666c2.csv&nfix=&name=114年中華民國政府行政機關辦公日曆表.csv
2025-11-01 00:24:30,323 - INFO - 成功下載並儲存: data/taiwan_holidays_2025.csv
2025-11-01 00:24:30,323 - INFO - 2025 年資料筆數: 365
2025-11-01 00:24:30,325 - INFO - 連結驗證成功: 115年中華民國政府行政機關辦公日曆表.csv
2025-11-01 00:24:30,325 - INFO - 下載 2026 年資料: https://www.dgpa.gov.tw/FileConversion?filename=dgpa/files/202506/a52331bd-a189-466b-b0f0-cae3062bbf74.csv&nfix=&name=115%e5%b9%b4%e4%b8%ad%e8%8f%af%e6%b0%91%e5%9c%8b%e6%94%bf%e5%ba%9c%e8%a1%8c%e6%94%bf%e6%a9%9f%e9%97%9c%e8%be%a6%e5%85%ac%e6%97%a5%e6%9b%86%e8%a1%a8.csv
2025-11-01 00:24:31,100 - INFO - 成功下載並儲存: data/taiwan_holidays_2026.csv
2025-11-01 00:24:31,100 - INFO - 2026 年資料筆數: 365
2025-11-01 00:24:31,101 - INFO - 爬蟲執行完成，成功下載 2 個年份的資料
2025-11-01 00:24:31,175 - INFO - 成功轉換: data/taiwan_holidays_2024.csv -> data/taiwan_holidays_2024.yml
2025-11-01 00:24:31,175 - INFO - 放假日數量: 115
2025-11-01 00:24:31,175 - INFO - 特殊工作日數量: 1
2025-11-01 00:24:31,192 - INFO - 成功轉換: data/taiwan_holidays_2022.csv -> data/taiwan_holidays_2022.yml
2025-11-01 00:24:31,192 - INFO - 放假日數量: 115
2025-11-01 00:24:31,192 - INFO - 特殊工作日數量: 1
2025-11-01 00:24:31,209 - INFO - 成功轉換: data/taiwan_holidays_2026.csv -> data/taiwan_holidays_2026.yml
2025-11-01 00:24:31,209 - INFO - 放假日數量: 120
2025-11-01 00:24:31,209 - INFO - 特殊工作日數量: 0
2025-11-01 00:24:31,226 - INFO - 成功轉換: data/taiwan_holidays_2020.csv -> data/taiwan_holidays_2020.yml
2025-11-01 00:24:31,226 - INFO - 放假日數量: 115
2025-11-01 00:24:31,226 - INFO - 特殊工作日數量: 3
2025-11-01 00:24:31,243 - INFO - 成功轉換: data/taiwan_holidays_2021.csv -> data/taiwan_holidays_2021.yml
2025-11-01 00:24:31,243 - INFO - 放假日數量: 116
2025-11-01 00:24:31,243 - INFO - 特殊工作日數量: 2
2025-11-01 00:24:31,260 - INFO - 成功轉換: data/taiwan_holidays_2023.csv -> data/taiwan_holidays_2023.yml
2025-11-01 00:24:31,260 - INFO - 放假日數量: 116
2025-11-01 00:24:31,260 - INFO - 特殊工作日數量: 6
2025-11-01 00:24:31,277 - INFO - 成功轉換: data/taiwan_holidays_2019.csv -> data/taiwan_holidays_2019.yml
2025-11-01 00:24:31,277 - INFO - 放假日數量: 115
2025-11-01 00:24:31,278 - INFO - 特殊工作日數量: 3
2025-11-01 00:24:31,294 - INFO - 成功轉換: data/taiwan_holidays_2025.csv -> data/taiwan_holidays_2025.yml
2025-11-01 00:24:31,294 - INFO - 放假日數量: 115
2025-11-01 00:24:31,294 - INFO - 特殊工作日數量: 1
2025-11-01 00:24:31,294 - INFO - 轉換完成: 成功 8/8 個檔案
2025-11-01 00:24:31,525 - INFO - 建立摘要檔案: data/summary.yml
2025-11-01 00:24:31,525 - INFO - 已自動轉換為 YAML 格式
2025-11-01 00:24:31,525 - INFO - 已下載的 CSV 檔案:
2025-11-01 00:24:31,525 - INFO -   - taiwan_holidays_2019.csv (6432 bytes)
2025-11-01 00:24:31,525 - INFO -   - taiwan_holidays_2020.csv (6482 bytes)
2025-11-01 00:24:31,525 - INFO -   - taiwan_holidays_2021.csv (6453 bytes)
2025-11-01 00:24:31,525 - INFO -   - taiwan_holidays_2022.csv (6390 bytes)
2025-11-01 00:24:31,525 - INFO -   - taiwan_holidays_2023.csv (6519 bytes)
2025-11-01 00:24:31,525 - INFO -   - taiwan_holidays_2024.csv (6419 bytes)
2025-11-01 00:24:31,525 - INFO -   - taiwan_holidays_2025.csv (6396 bytes)
2025-11-01 00:24:31,525 - INFO -   - taiwan_holidays_2026.csv (6499 bytes)
2025-11-01 00:24:31,525 - INFO - 已轉換的 YAML 檔案:
2025-11-01 00:24:31,525 - INFO -   - summary.yml (906 bytes)
2025-11-01 00:24:31,526 - INFO -   - taiwan_holidays_2019.yml (8723 bytes)
2025-11-01 00:24:31,526 - INFO -   - taiwan_holidays_2020.yml (8720 bytes)
2025-11-01 00:24:31,526 - INFO -   - taiwan_holidays_2021.yml (8708 bytes)
2025-11-01 00:24:31,526 - INFO -   - taiwan_holidays_2022.yml (8562 bytes)
2025-11-01 00:24:31,526 - INFO -   - taiwan_holidays_2023.yml (9021 bytes)
2025-11-01 00:24:31,526 - INFO -   - taiwan_holidays_2024.yml (8565 bytes)
2025-11-01 00:24:31,526 - INFO -   - taiwan_holidays_2025.yml (8568 bytes)
2025-11-01 00:24:31,526 - INFO -   - taiwan_holidays_2026.yml (8894 bytes)
2025-12-01 00:28:07,570 - INFO - 🚀 開始執行台灣政府辦公日曆表爬蟲 - 維護模式（當前年+下一年）
2025-12-01 00:28:09,102 - INFO - 找到 2019 年資料: 108年中華民國政府行政機關辦公日曆表.csv
2025-12-01 00:28:09,102 - INFO - 找到 2020 年資料: 109年中華民國政府行政機關辦公日曆表.csv
2025-12-01 00:28:09,102 - INFO - 找到 2022 年資料: 111年中華民國政府行政機關辦公日曆表.csv
2025-12-01 00:28:09,103 - INFO - 找到 2023 年資料: 112年中華民國政府行政機關辦公日曆表.csv
2025-12-01 00:28:09,103 - INFO - 找到 2024 年資料: 113年中華民國政府行政機關辦公日曆表.csv
2025-12-01 00:28:09,103 - INFO - 找到 2025 年資料: 114年中華民國政府行政機關辦公日曆表.csv
2025-12-01 00:28:09,103 - INFO - 找到 2026 年資料: 115年中華民國政府行政機關辦公日曆表.csv
2025-12-01 00:28:09,103 - INFO - 找到可用年份及連結: [2019, 2020, 2022, 2023, 2024, 2025, 2026]
2025-12-01 00:28:09,104 - INFO - 目標年份: [2025, 2026]
2025-12-01 00:28:09,105 - INFO - 連結驗證成功: 114年中華民國政府行政機關辦公日曆表.csv
2025-12-01 00:28:09,105 - INFO - 下載 2025 年資料: https://www.dgpa.gov.tw/FileConversion?filename=dgpa/files/202407/22f9fcbc-fbb2-4387-8bcf-73b2279666c2.csv&nfix=&name=114年中華民國政府行政機關辦公日曆表.csv
2025-12-01 00:28:10,406 - INFO - 成功下載並儲存: data/taiwan_holidays_2025.csv
2025-12-01 00:28:10,406 - INFO - 2025 年資料筆數: 365
2025-12-01 00:28:10,407 - INFO - 連結驗證成功: 115年中華民國政府行政機關辦公日曆表.csv
2025-12-01 00:28:10,407 - INFO - 下載 2026 年資料: https://www.dgpa.gov.tw/FileConversion?filename=dgpa/files/202506/a52331bd-a189-466b-b0f0-cae3062bbf74.csv&nfix=&name=115%e5%b9%b4%e4%b8%ad%e8%8f%af%e6%b0%91%e5%9c%8b%e6%94%bf%e5%ba%9c%e8%a1%8c%e6%94%bf%e6%a9%9f%e9%97%9c%e8%be%a6%e5%85%ac%e6%97%a5%e6%9b%86%e8%a1%a8.csv
2025-12-01 00:28:11,158 - INFO - 成功下載並儲存: data/taiwan_holidays_2026.csv
2025-12-01 00:28:11,158 - INFO - 2026 年資料筆數: 365
2025-12-01 00:28:11,159 - INFO - 爬蟲執行完成，成功下載 2 個年份的資料
2025-12-01 00:28:11,232 - INFO - 成功轉換: data/taiwan_holidays_2024.csv -> data/taiwan_holidays_2024.yml
2025-12-01 00:28:11,232 - INFO - 放假日數量: 115
2025-12-01 00:28:11,232 - INFO - 特殊工作日數量: 1
2025-12-01 00:28:11,248 - INFO - 成功轉換: data/taiwan_holidays_2022.csv -> data/taiwan_holidays_2022.yml
2025-12-01 00:28:11,248 - INFO - 放假日數量: 115
2025-12-01 00:28:11,248 - INFO - 特殊工作日數量: 1
2025-12-01 00:28:11,265 - INFO - 成功轉換: data/taiwan_holidays_2026.csv -> data/taiwan_holidays_2026.yml
2025-12-01 00:28:11,265 - INFO - 放假日數量: 120
2025-12-01 00:28:11,265 - INFO - 特殊工作日數量: 0
2025-12-01 00:28:11,282 - INFO - 成功轉換: data/taiwan_holidays_2020.csv -> data/taiwan_holidays_2020.yml
2025-12-01 00:28:11,282 - INFO - 放假日數量: 115
2025-12-01 00:28:11,282 - INFO - 特殊工作日數量: 3
2025-12-01 00:28:11,299 - INFO - 成功轉換: data/taiwan_holidays_2021.csv -> data/taiwan_holidays_2021.yml
2025-12-01 00:28:11,299 - INFO - 放假日數量: 116
2025-12-01 00:28:11,299 - INFO - 特殊工作日數量: 2
2025-12-01 00:28:11,317 - INFO - 成功轉換: data/taiwan_holidays_2023.csv -> data/taiwan_holidays_2023.yml
2025-12-01 00:28:11,317 - INFO - 放假日數量: 116
2025-12-01 00:28:11,317 - INFO - 特殊工作日數量: 6
2025-12-01 00:28:11,334 - INFO - 成功轉換: data/taiwan_holidays_2019.csv -> data/taiwan_holidays_2019.yml
2025-12-01 00:28:11,334 - INFO - 放假日數量: 115
2025-12-01 00:28:11,334 - INFO - 特殊工作日數量: 3
2025-12-01 00:28:11,350 - INFO - 成功轉換: data/taiwan_holidays_2025.csv -> data/taiwan_holidays_2025.yml
2025-12-01 00:28:11,350 - INFO - 放假日數量: 115
2025-12-01 00:28:11,350 - INFO - 特殊工作日數量: 1
2025-12-01 00:28:11,351 - INFO - 轉換完成: 成功 8/8 個檔案
2025-12-01 00:28:11,582 - INFO - 建立摘要檔案: data/summary.yml
2025-12-01 00:28:11,582 - INFO - 已自動轉換為 YAML 格式
2025-12-01 00:28:11,583 - INFO - 已下載的 CSV 檔案:
2025-12-01 00:28:11,583 - INFO -   - taiwan_holidays_2019.csv (6432 bytes)
2025-12-01 00:28:11,583 - INFO -   - taiwan_holidays_2020.csv (6482 bytes)
2025-12-01 00:28:11,583 - INFO -   - taiwan_holidays_2021.csv (6453 bytes)
2025-12-01 00:28:11,583 - INFO -   - taiwan_holidays_2022.csv (6390 bytes)
2025-12-01 00:28:11,583 - INFO -   - taiwan_holidays_2023.csv (6519 bytes)
2025-12-01 00:28:11,583 - INFO -   - taiwan_holidays_2024.csv (6419 bytes)
2025-12-01 00:28:11,583 - INFO -   - taiwan_holidays_2025.csv (6396 bytes)
2025-12-01 00:28:11,583 - INFO -   - taiwan_holidays_2026.csv (6499 bytes)
2025-12-01 00:28:11,583 - INFO - 已轉換的 YAML 檔案:
2025-12-01 00:28:11,583 - INFO -   - summary.yml (906 bytes)
2025-12-01 00:28:11,583 - INFO -   - taiwan_holidays_2019.yml (8723 bytes)
2025-12-01 00:28:11,583 - INFO -   - taiwan_holidays_2020.yml (8720 bytes)
2025-12-01 00:28:11,583 - INFO -   - taiwan_holidays_2021.yml (8708 bytes)
2025-12-01 00:28:11,583 - INFO -   - taiwan_holidays_2022.yml (8562 bytes)
2025-12-01 00:28:11,583 - INFO -   - taiwan_holidays_2023.yml (9021 bytes)
2025-12-01 00:28:11,584 - INFO -   - taiwan_holidays_2024.yml (8565 bytes)
2025-12-01 00:28:11,584 - INFO -   - taiwan_holidays_2025.yml (8568 bytes)
2025-12-01 00:28:11,584 - INFO -   - taiwan_holidays_2026.yml (8894 bytes)
2026-01-01 00:27:22,497 - INFO - 🚀 開始執行台灣政府辦公日曆表爬蟲 - 維護模式（當前年+下一年）
2026-01-01 00:27:24,260 - INFO - 找到 2019 年資料: 108年中華民國政府行政機關辦公日曆表.csv
2026-01-01 00:27:24,260 - INFO - 找到 2020 年資料: 109年中華民國政府行政機關辦公日曆表.csv
2026-01-01 00:27:24,260 - INFO - 找到 2022 年資料: 111年中華民國政府行政機關辦公日曆表.csv
2026-01-01 00:27:24,260 - INFO - 找到 2023 年資料: 112年中華民國政府行政機關辦公日曆表.csv
2026-01-01 00:27:24,261 - INFO - 找到 2024 年資料: 113年中華民國政府行政機關辦公日曆表.csv
2026-01-01 00:27:24,261 - INFO - 找到 2025 年資料: 114年中華民國政府行政機關辦公日曆表.csv
2026-01-01 00:27:24,261 - INFO - 找到 2026 年資料: 115年中華民國政府行政機關辦公日曆表.csv
2026-01-01 00:27:24,261 - INFO - 找到可用年份及連結: [2019, 2020, 2022, 2023, 2024, 2025, 2026]
2026-01-01 00:27:24,262 - INFO - 目標年份: [2026, 2027]
2026-01-01 00:27:24,262 - INFO - 連結驗證成功: 115年中華民國政府行政機關辦公日曆表.csv
2026-01-01 00:27:24,262 - INFO - 下載 2026 年資料: https://www.dgpa.gov.tw/FileConversion?filename=dgpa/files/202506/a52331bd-a189-466b-b0f0-cae3062bbf74.csv&nfix=&name=115%e5%b9%b4%e4%b8%ad%e8%8f%af%e6%b0%91%e5%9c%8b%e6%94%bf%e5%ba%9c%e8%a1%8c%e6%94%bf%e6%a9%9f%e9%97%9c%e8%be%a6%e5%85%ac%e6%97%a5%e6%9b%86%e8%a1%a8.csv
2026-01-01 00:27:26,073 - INFO - 成功下載並儲存: data/taiwan_holidays_2026.csv
2026-01-01 00:27:26,073 - INFO - 2026 年資料筆數: 365
2026-01-01 00:27:26,074 - WARNING - 2027 年的資料尚未在網站上提供
2026-01-01 00:27:26,074 - INFO - 爬蟲執行完成，成功下載 1 個年份的資料
2026-01-01 00:27:26,102 - INFO - 成功轉換: data/taiwan_holidays_2024.csv -> data/taiwan_holidays_2024.yml
2026-01-01 00:27:26,102 - INFO - 放假日數量: 115
2026-01-01 00:27:26,102 - INFO - 特殊工作日數量: 1
2026-01-01 00:27:26,116 - INFO - 成功轉換: data/taiwan_holidays_2022.csv -> data/taiwan_holidays_2022.yml
2026-01-01 00:27:26,116 - INFO - 放假日數量: 115
2026-01-01 00:27:26,116 - INFO - 特殊工作日數量: 1
2026-01-01 00:27:26,131 - INFO - 成功轉換: data/taiwan_holidays_2026.csv -> data/taiwan_holidays_2026.yml
2026-01-01 00:27:26,131 - INFO - 放假日數量: 120
2026-01-01 00:27:26,131 - INFO - 特殊工作日數量: 0
2026-01-01 00:27:26,146 - INFO - 成功轉換: data/taiwan_holidays_2020.csv -> data/taiwan_holidays_2020.yml
2026-01-01 00:27:26,146 - INFO - 放假日數量: 115
2026-01-01 00:27:26,146 - INFO - 特殊工作日數量: 3
2026-01-01 00:27:26,162 - INFO - 成功轉換: data/taiwan_holidays_2021.csv -> data/taiwan_holidays_2021.yml
2026-01-01 00:27:26,162 - INFO - 放假日數量: 116
2026-01-01 00:27:26,162 - INFO - 特殊工作日數量: 2
2026-01-01 00:27:26,178 - INFO - 成功轉換: data/taiwan_holidays_2023.csv -> data/taiwan_holidays_2023.yml
2026-01-01 00:27:26,178 - INFO - 放假日數量: 116
2026-01-01 00:27:26,178 - INFO - 特殊工作日數量: 6
2026-01-01 00:27:26,193 - INFO - 成功轉換: data/taiwan_holidays_2019.csv -> data/taiwan_holidays_2019.yml
2026-01-01 00:27:26,193 - INFO - 放假日數量: 115
2026-01-01 00:27:26,193 - INFO - 特殊工作日數量: 3
2026-01-01 00:27:26,207 - INFO - 成功轉換: data/taiwan_holidays_2025.csv -> data/taiwan_holidays_2025.yml
2026-01-01 00:27:26,208 - INFO - 放假日數量: 115
2026-01-01 00:27:26,208 - INFO - 特殊工作日數量: 1
2026-01-01 00:27:26,208 - INFO - 轉換完成: 成功 8/8 個檔案
2026-01-01 00:27:26,423 - INFO - 建立摘要檔案: data/summary.yml
2026-01-01 00:27:26,423 - INFO - 已自動轉換為 YAML 格式
2026-01-01 00:27:26,423 - INFO - 已下載的 CSV 檔案:
2026-01-01 00:27:26,423 - INFO -   - taiwan_holidays_2019.csv (6432 bytes)
2026-01-01 00:27:26,423 - INFO -   - taiwan_holidays_2020.csv (6482 bytes)
2026-01-01 00:27:26,423 - INFO -   - taiwan_holidays_2021.csv (6453 bytes)
2026-01-01 00:27:26,423 - INFO -   - taiwan_holidays_2022.csv (6390 bytes)
2026-01-01 00:27:26,423 - INFO -   - taiwan_holidays_2023.csv (6519 bytes)
2026-01-01 00:27:26,423 - INFO -   - taiwan_holidays_2024.csv (6419 bytes)
2026-01-01 00:27:26,423 - INFO -   - taiwan_holidays_2025.csv (6396 bytes)
2026-01-01 00:27:26,423 - INFO -   - taiwan_holidays_2026.csv (6499 bytes)
2026-01-01 00:27:26,423 - INFO - 已轉換的 YAML 檔案:
2026-01-01 00:27:26,423 - INFO -   - summary.yml (906 bytes)
2026-01-01 00:27:26,423 - INFO -   - taiwan_holidays_2019.yml (8723 bytes)
2026-01-01 00:27:26,423 - INFO -   - taiwan_holidays_2020.yml (8720 bytes)
2026-01-01 00:27:26,423 - INFO -   - taiwan_holidays_2021.yml (8708 bytes)
2026-01-01 00:27:26,423 - INFO -   - taiwan_holidays_2022.yml (8562 bytes)
2026-01-01 00:27:26,423 - INFO -   - taiwan_holidays_2023.yml (9021 bytes)
2026-01-01 00:27:26,423 - INFO -   - taiwan_holidays_2024.yml (8565 bytes)
2026-01-01 00:27:26,424 - INFO -   - taiwan_holidays_2025.yml (8568 bytes)
2026-01-01 00:27:26,424 - INFO -   - taiwan_holidays_2026.yml (8894 bytes)
